{"/Users/yassine/Code/train-web-app/src/App.tsx": {"path":"/Users/yassine/Code/train-web-app/src/App.tsx","all":true,"statementMap":{"0":{"start":{"line":1,"column":0},"end":{"line":1,"column":60}},"1":{"start":{"line":2,"column":0},"end":{"line":2,"column":73}},"2":{"start":{"line":3,"column":0},"end":{"line":3,"column":83}},"3":{"start":{"line":4,"column":0},"end":{"line":4,"column":29}},"5":{"start":{"line":6,"column":0},"end":{"line":6,"column":38}},"7":{"start":{"line":8,"column":0},"end":{"line":8,"column":16}},"8":{"start":{"line":9,"column":0},"end":{"line":9,"column":10}},"9":{"start":{"line":10,"column":0},"end":{"line":10,"column":46}},"10":{"start":{"line":11,"column":0},"end":{"line":11,"column":26}},"11":{"start":{"line":12,"column":0},"end":{"line":12,"column":34}},"12":{"start":{"line":13,"column":0},"end":{"line":13,"column":24}},"13":{"start":{"line":14,"column":0},"end":{"line":14,"column":14}},"14":{"start":{"line":15,"column":0},"end":{"line":15,"column":27}},"15":{"start":{"line":16,"column":0},"end":{"line":16,"column":26}},"17":{"start":{"line":18,"column":0},"end":{"line":18,"column":1}},"19":{"start":{"line":20,"column":0},"end":{"line":20,"column":19}}},"s":{"0":0,"1":0,"2":0,"3":0,"5":0,"7":0,"8":0,"9":0,"10":0,"11":0,"12":0,"13":0,"14":0,"15":0,"17":0,"19":0},"branchMap":{"0":{"type":"branch","line":1,"loc":{"start":{"line":1,"column":549},"end":{"line":20,"column":19}},"locations":[{"start":{"line":1,"column":549},"end":{"line":20,"column":19}}]}},"b":{"0":[0]},"fnMap":{"0":{"name":"(empty-report)","decl":{"start":{"line":1,"column":549},"end":{"line":20,"column":19}},"loc":{"start":{"line":1,"column":549},"end":{"line":20,"column":19}},"line":1}},"f":{"0":0}}
,"/Users/yassine/Code/train-web-app/src/datadog.ts": {"path":"/Users/yassine/Code/train-web-app/src/datadog.ts","all":true,"statementMap":{"0":{"start":{"line":1,"column":0},"end":{"line":1,"column":50}},"2":{"start":{"line":3,"column":0},"end":{"line":3,"column":54}},"5":{"start":{"line":6,"column":0},"end":{"line":6,"column":36}},"6":{"start":{"line":7,"column":0},"end":{"line":7,"column":21}},"7":{"start":{"line":8,"column":0},"end":{"line":8,"column":62}},"8":{"start":{"line":9,"column":0},"end":{"line":9,"column":59}},"9":{"start":{"line":10,"column":0},"end":{"line":10,"column":34}},"10":{"start":{"line":11,"column":0},"end":{"line":11,"column":28}},"11":{"start":{"line":12,"column":0},"end":{"line":12,"column":25}},"14":{"start":{"line":15,"column":0},"end":{"line":15,"column":25}},"15":{"start":{"line":16,"column":0},"end":{"line":16,"column":31}},"16":{"start":{"line":17,"column":0},"end":{"line":17,"column":36}},"17":{"start":{"line":18,"column":0},"end":{"line":18,"column":47}},"18":{"start":{"line":19,"column":0},"end":{"line":19,"column":36}},"19":{"start":{"line":20,"column":0},"end":{"line":20,"column":29}},"20":{"start":{"line":21,"column":0},"end":{"line":21,"column":29}},"21":{"start":{"line":22,"column":0},"end":{"line":22,"column":49}},"24":{"start":{"line":25,"column":0},"end":{"line":25,"column":29}},"25":{"start":{"line":26,"column":0},"end":{"line":26,"column":95}},"28":{"start":{"line":29,"column":0},"end":{"line":29,"column":10}},"29":{"start":{"line":30,"column":0},"end":{"line":30,"column":7}},"31":{"start":{"line":32,"column":0},"end":{"line":32,"column":58}},"32":{"start":{"line":33,"column":0},"end":{"line":33,"column":8}},"33":{"start":{"line":34,"column":0},"end":{"line":34,"column":63}},"34":{"start":{"line":35,"column":0},"end":{"line":35,"column":1}}},"s":{"0":0,"2":0,"5":0,"6":0,"7":0,"8":0,"9":0,"10":0,"11":0,"14":0,"15":0,"16":0,"17":0,"18":0,"19":0,"20":0,"21":0,"24":0,"25":0,"28":0,"29":0,"31":0,"32":0,"33":0,"34":0},"branchMap":{"0":{"type":"branch","line":1,"loc":{"start":{"line":1,"column":1359},"end":{"line":37,"column":22}},"locations":[{"start":{"line":1,"column":1359},"end":{"line":37,"column":22}}]}},"b":{"0":[0]},"fnMap":{"0":{"name":"(empty-report)","decl":{"start":{"line":1,"column":1359},"end":{"line":37,"column":22}},"loc":{"start":{"line":1,"column":1359},"end":{"line":37,"column":22}},"line":1}},"f":{"0":0}}
,"/Users/yassine/Code/train-web-app/src/instrumentation.ts": {"path":"/Users/yassine/Code/train-web-app/src/instrumentation.ts","all":true,"statementMap":{"0":{"start":{"line":1,"column":0},"end":{"line":1,"column":8}},"7":{"start":{"line":8,"column":0},"end":{"line":8,"column":8}},"13":{"start":{"line":14,"column":0},"end":{"line":14,"column":67}},"15":{"start":{"line":16,"column":0},"end":{"line":16,"column":49}},"16":{"start":{"line":17,"column":0},"end":{"line":17,"column":46}},"17":{"start":{"line":18,"column":0},"end":{"line":18,"column":35}},"19":{"start":{"line":20,"column":0},"end":{"line":20,"column":16}},"20":{"start":{"line":21,"column":0},"end":{"line":21,"column":15}},"21":{"start":{"line":22,"column":0},"end":{"line":22,"column":8}},"22":{"start":{"line":23,"column":0},"end":{"line":23,"column":21}},"23":{"start":{"line":24,"column":0},"end":{"line":24,"column":21}},"24":{"start":{"line":25,"column":0},"end":{"line":25,"column":30}},"25":{"start":{"line":26,"column":0},"end":{"line":26,"column":4}},"27":{"start":{"line":28,"column":0},"end":{"line":28,"column":21}},"29":{"start":{"line":30,"column":0},"end":{"line":30,"column":32}},"32":{"start":{"line":33,"column":0},"end":{"line":33,"column":33}},"35":{"start":{"line":36,"column":0},"end":{"line":36,"column":26}},"36":{"start":{"line":37,"column":0},"end":{"line":37,"column":42}},"37":{"start":{"line":38,"column":0},"end":{"line":38,"column":33}},"38":{"start":{"line":39,"column":0},"end":{"line":39,"column":20}},"39":{"start":{"line":40,"column":0},"end":{"line":40,"column":15}},"40":{"start":{"line":41,"column":0},"end":{"line":41,"column":20}},"41":{"start":{"line":42,"column":0},"end":{"line":42,"column":26}},"42":{"start":{"line":43,"column":0},"end":{"line":43,"column":9}},"43":{"start":{"line":44,"column":0},"end":{"line":44,"column":7}},"44":{"start":{"line":45,"column":0},"end":{"line":45,"column":4}},"45":{"start":{"line":46,"column":0},"end":{"line":46,"column":3}}},"s":{"0":0,"7":0,"13":0,"15":0,"16":0,"17":0,"19":0,"20":0,"21":0,"22":0,"23":0,"24":0,"25":0,"27":0,"29":0,"32":0,"35":0,"36":0,"37":0,"38":0,"39":0,"40":0,"41":0,"42":0,"43":0,"44":0,"45":0},"branchMap":{"0":{"type":"branch","line":1,"loc":{"start":{"line":1,"column":0},"end":{"line":46,"column":-265}},"locations":[{"start":{"line":1,"column":0},"end":{"line":46,"column":-265}}]}},"b":{"0":[0]},"fnMap":{"0":{"name":"(empty-report)","decl":{"start":{"line":1,"column":0},"end":{"line":46,"column":-265}},"loc":{"start":{"line":1,"column":0},"end":{"line":46,"column":-265}},"line":1}},"f":{"0":0}}
,"/Users/yassine/Code/train-web-app/src/main.tsx": {"path":"/Users/yassine/Code/train-web-app/src/main.tsx","all":true,"statementMap":{"0":{"start":{"line":1,"column":0},"end":{"line":1,"column":19}},"1":{"start":{"line":2,"column":0},"end":{"line":2,"column":40}},"2":{"start":{"line":3,"column":0},"end":{"line":3,"column":45}},"3":{"start":{"line":4,"column":0},"end":{"line":4,"column":28}},"4":{"start":{"line":5,"column":0},"end":{"line":5,"column":27}},"6":{"start":{"line":7,"column":0},"end":{"line":7,"column":49}},"7":{"start":{"line":8,"column":0},"end":{"line":8,"column":57}},"9":{"start":{"line":10,"column":0},"end":{"line":10,"column":41}},"10":{"start":{"line":11,"column":0},"end":{"line":11,"column":46}},"22":{"start":{"line":23,"column":0},"end":{"line":23,"column":45}},"25":{"start":{"line":26,"column":0},"end":{"line":26,"column":36}},"26":{"start":{"line":27,"column":0},"end":{"line":27,"column":19}},"27":{"start":{"line":28,"column":0},"end":{"line":28,"column":13}},"28":{"start":{"line":29,"column":0},"end":{"line":29,"column":20}},"29":{"start":{"line":30,"column":0},"end":{"line":30,"column":4}}},"s":{"0":0,"1":0,"2":0,"3":0,"4":0,"6":0,"7":0,"9":0,"10":0,"22":0,"25":0,"26":0,"27":0,"28":0,"29":0},"branchMap":{"0":{"type":"branch","line":1,"loc":{"start":{"line":1,"column":777},"end":{"line":31,"column":-170}},"locations":[{"start":{"line":1,"column":777},"end":{"line":31,"column":-170}}]}},"b":{"0":[0]},"fnMap":{"0":{"name":"(empty-report)","decl":{"start":{"line":1,"column":777},"end":{"line":31,"column":-170}},"loc":{"start":{"line":1,"column":777},"end":{"line":31,"column":-170}},"line":1}},"f":{"0":0}}
,"/Users/yassine/Code/train-web-app/src/app/access/components/forms/ForgotPasswordForm.tsx": {"path":"/Users/yassine/Code/train-web-app/src/app/access/components/forms/ForgotPasswordForm.tsx","all":false,"statementMap":{"0":{"start":{"line":1,"column":0},"end":{"line":1,"column":40}},"1":{"start":{"line":2,"column":0},"end":{"line":2,"column":43}},"2":{"start":{"line":3,"column":0},"end":{"line":3,"column":60}},"3":{"start":{"line":4,"column":0},"end":{"line":4,"column":54}},"4":{"start":{"line":5,"column":0},"end":{"line":5,"column":50}},"5":{"start":{"line":6,"column":0},"end":{"line":6,"column":57}},"7":{"start":{"line":8,"column":0},"end":{"line":8,"column":44}},"8":{"start":{"line":9,"column":0},"end":{"line":9,"column":33}},"9":{"start":{"line":10,"column":0},"end":{"line":10,"column":41}},"10":{"start":{"line":11,"column":0},"end":{"line":11,"column":52}},"11":{"start":{"line":12,"column":0},"end":{"line":12,"column":58}},"13":{"start":{"line":14,"column":0},"end":{"line":14,"column":54}},"14":{"start":{"line":15,"column":0},"end":{"line":15,"column":23}},"15":{"start":{"line":16,"column":0},"end":{"line":16,"column":23}},"16":{"start":{"line":17,"column":0},"end":{"line":17,"column":19}},"18":{"start":{"line":19,"column":0},"end":{"line":19,"column":9}},"19":{"start":{"line":20,"column":0},"end":{"line":20,"column":56}},"20":{"start":{"line":21,"column":0},"end":{"line":21,"column":69}},"21":{"start":{"line":22,"column":0},"end":{"line":22,"column":24}},"22":{"start":{"line":23,"column":0},"end":{"line":23,"column":58}},"23":{"start":{"line":24,"column":0},"end":{"line":24,"column":129}},"24":{"start":{"line":25,"column":0},"end":{"line":25,"column":52}},"25":{"start":{"line":26,"column":0},"end":{"line":26,"column":29}},"26":{"start":{"line":27,"column":0},"end":{"line":27,"column":15}},"27":{"start":{"line":28,"column":0},"end":{"line":28,"column":26}},"28":{"start":{"line":29,"column":0},"end":{"line":29,"column":5}},"29":{"start":{"line":30,"column":0},"end":{"line":30,"column":4}},"31":{"start":{"line":32,"column":0},"end":{"line":32,"column":10}},"32":{"start":{"line":33,"column":0},"end":{"line":33,"column":48}},"33":{"start":{"line":34,"column":0},"end":{"line":34,"column":38}},"35":{"start":{"line":36,"column":0},"end":{"line":36,"column":10}},"37":{"start":{"line":38,"column":0},"end":{"line":38,"column":16}},"38":{"start":{"line":39,"column":0},"end":{"line":39,"column":18}},"39":{"start":{"line":40,"column":0},"end":{"line":40,"column":28}},"40":{"start":{"line":41,"column":0},"end":{"line":41,"column":20}},"41":{"start":{"line":42,"column":0},"end":{"line":42,"column":21}},"42":{"start":{"line":43,"column":0},"end":{"line":43,"column":21}},"43":{"start":{"line":44,"column":0},"end":{"line":44,"column":50}},"44":{"start":{"line":45,"column":0},"end":{"line":45,"column":36}},"45":{"start":{"line":46,"column":0},"end":{"line":46,"column":16}},"46":{"start":{"line":47,"column":0},"end":{"line":47,"column":28}},"47":{"start":{"line":48,"column":0},"end":{"line":48,"column":28}},"48":{"start":{"line":49,"column":0},"end":{"line":49,"column":8}},"50":{"start":{"line":51,"column":0},"end":{"line":51,"column":13}},"51":{"start":{"line":52,"column":0},"end":{"line":52,"column":21}},"52":{"start":{"line":53,"column":0},"end":{"line":53,"column":30}},"53":{"start":{"line":54,"column":0},"end":{"line":54,"column":28}},"54":{"start":{"line":55,"column":0},"end":{"line":55,"column":29}},"55":{"start":{"line":56,"column":0},"end":{"line":56,"column":32}},"56":{"start":{"line":57,"column":0},"end":{"line":57,"column":7}},"58":{"start":{"line":59,"column":0},"end":{"line":59,"column":15}},"59":{"start":{"line":60,"column":0},"end":{"line":60,"column":11}},"61":{"start":{"line":62,"column":0},"end":{"line":62,"column":2}},"63":{"start":{"line":64,"column":0},"end":{"line":64,"column":34}}},"s":{"0":1,"1":1,"2":1,"3":1,"4":1,"5":1,"7":1,"8":1,"9":1,"10":1,"11":1,"13":1,"14":0,"15":0,"16":0,"18":0,"19":0,"20":0,"21":0,"22":0,"23":0,"24":0,"25":0,"26":0,"27":0,"28":0,"29":0,"31":1,"32":1,"33":1,"35":1,"37":1,"38":1,"39":1,"40":1,"41":1,"42":1,"43":1,"44":1,"45":1,"46":1,"47":1,"48":1,"50":1,"51":1,"52":1,"53":1,"54":1,"55":1,"56":1,"58":1,"59":1,"61":1,"63":1},"branchMap":{"0":{"type":"branch","line":8,"loc":{"start":{"line":8,"column":37},"end":{"line":62,"column":2}},"locations":[{"start":{"line":8,"column":37},"end":{"line":62,"column":2}}]}},"b":{"0":[1]},"fnMap":{"0":{"name":"ForgotPasswordForm","decl":{"start":{"line":8,"column":37},"end":{"line":62,"column":2}},"loc":{"start":{"line":8,"column":37},"end":{"line":62,"column":2}},"line":8},"1":{"name":"handleSubmit","decl":{"start":{"line":14,"column":23},"end":{"line":30,"column":4}},"loc":{"start":{"line":14,"column":23},"end":{"line":30,"column":4}},"line":14},"2":{"name":"onChange","decl":{"start":{"line":44,"column":18},"end":{"line":44,"column":50}},"loc":{"start":{"line":44,"column":18},"end":{"line":44,"column":50}},"line":44}},"f":{"0":1,"1":0,"2":0}}
,"/Users/yassine/Code/train-web-app/src/app/access/components/forms/LoginForm.tsx": {"path":"/Users/yassine/Code/train-web-app/src/app/access/components/forms/LoginForm.tsx","all":false,"statementMap":{"0":{"start":{"line":1,"column":0},"end":{"line":1,"column":40}},"1":{"start":{"line":2,"column":0},"end":{"line":2,"column":49}},"2":{"start":{"line":3,"column":0},"end":{"line":3,"column":60}},"3":{"start":{"line":4,"column":0},"end":{"line":4,"column":54}},"4":{"start":{"line":5,"column":0},"end":{"line":5,"column":50}},"5":{"start":{"line":6,"column":0},"end":{"line":6,"column":66}},"6":{"start":{"line":7,"column":0},"end":{"line":7,"column":57}},"7":{"start":{"line":8,"column":0},"end":{"line":8,"column":65}},"8":{"start":{"line":9,"column":0},"end":{"line":9,"column":67}},"9":{"start":{"line":10,"column":0},"end":{"line":10,"column":35}},"18":{"start":{"line":19,"column":0},"end":{"line":19,"column":90}},"19":{"start":{"line":20,"column":0},"end":{"line":20,"column":33}},"20":{"start":{"line":21,"column":0},"end":{"line":21,"column":87}},"23":{"start":{"line":24,"column":0},"end":{"line":24,"column":52}},"24":{"start":{"line":25,"column":0},"end":{"line":25,"column":52}},"25":{"start":{"line":26,"column":0},"end":{"line":26,"column":77}},"26":{"start":{"line":27,"column":0},"end":{"line":27,"column":4}},"28":{"start":{"line":29,"column":0},"end":{"line":29,"column":61}},"29":{"start":{"line":30,"column":0},"end":{"line":30,"column":64}},"30":{"start":{"line":31,"column":0},"end":{"line":31,"column":50}},"32":{"start":{"line":33,"column":0},"end":{"line":33,"column":33}},"33":{"start":{"line":34,"column":0},"end":{"line":34,"column":38}},"34":{"start":{"line":35,"column":0},"end":{"line":35,"column":64}},"35":{"start":{"line":36,"column":0},"end":{"line":36,"column":43}},"36":{"start":{"line":37,"column":0},"end":{"line":37,"column":12}},"37":{"start":{"line":38,"column":0},"end":{"line":38,"column":43}},"38":{"start":{"line":39,"column":0},"end":{"line":39,"column":5}},"39":{"start":{"line":40,"column":0},"end":{"line":40,"column":3}},"41":{"start":{"line":42,"column":0},"end":{"line":42,"column":84}},"42":{"start":{"line":43,"column":0},"end":{"line":43,"column":27}},"43":{"start":{"line":44,"column":0},"end":{"line":44,"column":14}},"44":{"start":{"line":45,"column":0},"end":{"line":45,"column":20}},"45":{"start":{"line":46,"column":0},"end":{"line":46,"column":8}},"46":{"start":{"line":47,"column":0},"end":{"line":47,"column":4}},"48":{"start":{"line":49,"column":0},"end":{"line":49,"column":64}},"49":{"start":{"line":50,"column":0},"end":{"line":50,"column":9}},"50":{"start":{"line":51,"column":0},"end":{"line":51,"column":25}},"51":{"start":{"line":52,"column":0},"end":{"line":52,"column":21}},"53":{"start":{"line":54,"column":0},"end":{"line":54,"column":19}},"55":{"start":{"line":56,"column":0},"end":{"line":56,"column":34}},"56":{"start":{"line":57,"column":0},"end":{"line":57,"column":56}},"57":{"start":{"line":58,"column":0},"end":{"line":58,"column":40}},"58":{"start":{"line":59,"column":0},"end":{"line":59,"column":44}},"59":{"start":{"line":60,"column":0},"end":{"line":60,"column":23}},"60":{"start":{"line":61,"column":0},"end":{"line":61,"column":47}},"61":{"start":{"line":62,"column":0},"end":{"line":62,"column":11}},"62":{"start":{"line":63,"column":0},"end":{"line":63,"column":14}},"63":{"start":{"line":64,"column":0},"end":{"line":64,"column":48}},"64":{"start":{"line":65,"column":0},"end":{"line":65,"column":7}},"66":{"start":{"line":67,"column":0},"end":{"line":67,"column":72}},"67":{"start":{"line":68,"column":0},"end":{"line":68,"column":35}},"68":{"start":{"line":69,"column":0},"end":{"line":69,"column":19}},"69":{"start":{"line":70,"column":0},"end":{"line":70,"column":55}},"70":{"start":{"line":71,"column":0},"end":{"line":71,"column":38}},"71":{"start":{"line":72,"column":0},"end":{"line":72,"column":25}},"72":{"start":{"line":73,"column":0},"end":{"line":73,"column":14}},"73":{"start":{"line":74,"column":0},"end":{"line":74,"column":74}},"74":{"start":{"line":75,"column":0},"end":{"line":75,"column":7}},"75":{"start":{"line":76,"column":0},"end":{"line":76,"column":15}},"76":{"start":{"line":77,"column":0},"end":{"line":77,"column":26}},"77":{"start":{"line":78,"column":0},"end":{"line":78,"column":5}},"78":{"start":{"line":79,"column":0},"end":{"line":79,"column":4}},"80":{"start":{"line":81,"column":0},"end":{"line":81,"column":48}},"81":{"start":{"line":82,"column":0},"end":{"line":82,"column":32}},"82":{"start":{"line":83,"column":0},"end":{"line":83,"column":23}},"83":{"start":{"line":84,"column":0},"end":{"line":84,"column":60}},"84":{"start":{"line":85,"column":0},"end":{"line":85,"column":26}},"85":{"start":{"line":86,"column":0},"end":{"line":86,"column":4}},"87":{"start":{"line":88,"column":0},"end":{"line":88,"column":10}},"88":{"start":{"line":89,"column":0},"end":{"line":89,"column":6}},"89":{"start":{"line":90,"column":0},"end":{"line":90,"column":50}},"90":{"start":{"line":91,"column":0},"end":{"line":91,"column":18}},"91":{"start":{"line":92,"column":0},"end":{"line":92,"column":20}},"92":{"start":{"line":93,"column":0},"end":{"line":93,"column":30}},"93":{"start":{"line":94,"column":0},"end":{"line":94,"column":22}},"94":{"start":{"line":95,"column":0},"end":{"line":95,"column":23}},"95":{"start":{"line":96,"column":0},"end":{"line":96,"column":33}},"96":{"start":{"line":97,"column":0},"end":{"line":97,"column":65}},"97":{"start":{"line":98,"column":0},"end":{"line":98,"column":38}},"98":{"start":{"line":99,"column":0},"end":{"line":99,"column":18}},"99":{"start":{"line":100,"column":0},"end":{"line":100,"column":30}},"100":{"start":{"line":101,"column":0},"end":{"line":101,"column":30}},"101":{"start":{"line":102,"column":0},"end":{"line":102,"column":10}},"103":{"start":{"line":104,"column":0},"end":{"line":104,"column":18}},"104":{"start":{"line":105,"column":0},"end":{"line":105,"column":23}},"105":{"start":{"line":106,"column":0},"end":{"line":106,"column":33}},"106":{"start":{"line":107,"column":0},"end":{"line":107,"column":25}},"107":{"start":{"line":108,"column":0},"end":{"line":108,"column":26}},"108":{"start":{"line":109,"column":0},"end":{"line":109,"column":36}},"109":{"start":{"line":110,"column":0},"end":{"line":110,"column":68}},"110":{"start":{"line":111,"column":0},"end":{"line":111,"column":32}},"111":{"start":{"line":112,"column":0},"end":{"line":112,"column":18}},"112":{"start":{"line":113,"column":0},"end":{"line":113,"column":30}},"113":{"start":{"line":114,"column":0},"end":{"line":114,"column":41}},"114":{"start":{"line":115,"column":0},"end":{"line":115,"column":10}},"116":{"start":{"line":117,"column":0},"end":{"line":117,"column":38}},"117":{"start":{"line":118,"column":0},"end":{"line":118,"column":124}},"118":{"start":{"line":119,"column":0},"end":{"line":119,"column":14}},"120":{"start":{"line":121,"column":0},"end":{"line":121,"column":15}},"121":{"start":{"line":122,"column":0},"end":{"line":122,"column":23}},"122":{"start":{"line":123,"column":0},"end":{"line":123,"column":31}},"123":{"start":{"line":124,"column":0},"end":{"line":124,"column":30}},"124":{"start":{"line":125,"column":0},"end":{"line":125,"column":31}},"125":{"start":{"line":126,"column":0},"end":{"line":126,"column":34}},"126":{"start":{"line":127,"column":0},"end":{"line":127,"column":9}},"128":{"start":{"line":129,"column":0},"end":{"line":129,"column":17}},"129":{"start":{"line":130,"column":0},"end":{"line":130,"column":13}},"131":{"start":{"line":132,"column":0},"end":{"line":132,"column":36}},"132":{"start":{"line":133,"column":0},"end":{"line":133,"column":61}},"133":{"start":{"line":134,"column":0},"end":{"line":134,"column":21}},"134":{"start":{"line":135,"column":0},"end":{"line":135,"column":27}},"135":{"start":{"line":136,"column":0},"end":{"line":136,"column":32}},"136":{"start":{"line":137,"column":0},"end":{"line":137,"column":48}},"137":{"start":{"line":138,"column":0},"end":{"line":138,"column":30}},"138":{"start":{"line":139,"column":0},"end":{"line":139,"column":60}},"139":{"start":{"line":140,"column":0},"end":{"line":140,"column":9}},"141":{"start":{"line":142,"column":0},"end":{"line":142,"column":23}},"142":{"start":{"line":143,"column":0},"end":{"line":143,"column":12}},"143":{"start":{"line":144,"column":0},"end":{"line":144,"column":7}},"145":{"start":{"line":146,"column":0},"end":{"line":146,"column":2}},"147":{"start":{"line":148,"column":0},"end":{"line":148,"column":25}}},"s":{"0":1,"1":1,"2":1,"3":1,"4":1,"5":1,"6":1,"7":1,"8":1,"9":1,"18":1,"19":11,"20":11,"23":11,"24":11,"25":11,"26":11,"28":11,"29":2,"30":2,"32":2,"33":1,"34":1,"35":1,"36":1,"37":0,"38":0,"39":2,"41":11,"42":4,"43":4,"44":4,"45":4,"46":4,"48":11,"49":2,"50":2,"51":2,"53":2,"55":2,"56":0,"57":2,"58":2,"59":2,"60":2,"61":2,"62":0,"63":0,"64":0,"66":0,"67":2,"68":2,"69":2,"70":2,"71":2,"72":2,"73":0,"74":0,"75":2,"76":2,"77":2,"78":2,"80":11,"81":2,"82":2,"83":2,"84":2,"85":2,"87":11,"88":11,"89":11,"90":11,"91":11,"92":11,"93":11,"94":11,"95":11,"96":11,"97":11,"98":11,"99":11,"100":11,"101":11,"103":11,"104":11,"105":11,"106":11,"107":11,"108":11,"109":11,"110":11,"111":11,"112":11,"113":11,"114":11,"116":11,"117":11,"118":11,"120":11,"121":11,"122":11,"123":11,"124":11,"125":11,"126":11,"128":11,"129":11,"131":11,"132":11,"133":11,"134":11,"135":11,"136":11,"137":11,"138":11,"139":11,"141":11,"142":11,"143":11,"145":11,"147":1},"branchMap":{"0":{"type":"branch","line":19,"loc":{"start":{"line":19,"column":44},"end":{"line":146,"column":2}},"locations":[{"start":{"line":19,"column":44},"end":{"line":146,"column":2}}]},"1":{"type":"branch","line":26,"loc":{"start":{"line":26,"column":4},"end":{"line":26,"column":73}},"locations":[{"start":{"line":26,"column":4},"end":{"line":26,"column":73}}]},"2":{"type":"branch","line":139,"loc":{"start":{"line":139,"column":21},"end":{"line":139,"column":60}},"locations":[{"start":{"line":139,"column":21},"end":{"line":139,"column":60}}]},"3":{"type":"branch","line":139,"loc":{"start":{"line":139,"column":34},"end":{"line":139,"column":50}},"locations":[{"start":{"line":139,"column":34},"end":{"line":139,"column":50}}]},"4":{"type":"branch","line":29,"loc":{"start":{"line":29,"column":22},"end":{"line":40,"column":3}},"locations":[{"start":{"line":29,"column":22},"end":{"line":40,"column":3}}]},"5":{"type":"branch","line":33,"loc":{"start":{"line":33,"column":32},"end":{"line":39,"column":5}},"locations":[{"start":{"line":33,"column":32},"end":{"line":39,"column":5}}]},"6":{"type":"branch","line":37,"loc":{"start":{"line":37,"column":4},"end":{"line":39,"column":5}},"locations":[{"start":{"line":37,"column":4},"end":{"line":39,"column":5}}]},"7":{"type":"branch","line":42,"loc":{"start":{"line":42,"column":23},"end":{"line":47,"column":4}},"locations":[{"start":{"line":42,"column":23},"end":{"line":47,"column":4}}]},"8":{"type":"branch","line":43,"loc":{"start":{"line":43,"column":17},"end":{"line":46,"column":6}},"locations":[{"start":{"line":43,"column":17},"end":{"line":46,"column":6}}]},"9":{"type":"branch","line":49,"loc":{"start":{"line":49,"column":23},"end":{"line":79,"column":4}},"locations":[{"start":{"line":49,"column":23},"end":{"line":79,"column":4}}]},"10":{"type":"branch","line":56,"loc":{"start":{"line":56,"column":33},"end":{"line":58,"column":17}},"locations":[{"start":{"line":56,"column":33},"end":{"line":58,"column":17}}]},"11":{"type":"branch","line":62,"loc":{"start":{"line":62,"column":9},"end":{"line":68,"column":33}},"locations":[{"start":{"line":62,"column":9},"end":{"line":68,"column":33}}]},"12":{"type":"branch","line":73,"loc":{"start":{"line":73,"column":6},"end":{"line":75,"column":7}},"locations":[{"start":{"line":73,"column":6},"end":{"line":75,"column":7}}]},"13":{"type":"branch","line":81,"loc":{"start":{"line":81,"column":23},"end":{"line":86,"column":4}},"locations":[{"start":{"line":81,"column":23},"end":{"line":86,"column":4}}]},"14":{"type":"branch","line":97,"loc":{"start":{"line":97,"column":20},"end":{"line":97,"column":65}},"locations":[{"start":{"line":97,"column":20},"end":{"line":97,"column":65}}]},"15":{"type":"branch","line":110,"loc":{"start":{"line":110,"column":20},"end":{"line":110,"column":68}},"locations":[{"start":{"line":110,"column":20},"end":{"line":110,"column":68}}]}},"b":{"0":[11],"1":[0],"2":[2],"3":[0],"4":[2],"5":[1],"6":[0],"7":[4],"8":[4],"9":[2],"10":[0],"11":[0],"12":[0],"13":[2],"14":[2],"15":[2]},"fnMap":{"0":{"name":"LoginForm","decl":{"start":{"line":19,"column":44},"end":{"line":146,"column":2}},"loc":{"start":{"line":19,"column":44},"end":{"line":146,"column":2}},"line":19},"1":{"name":"handleError","decl":{"start":{"line":29,"column":22},"end":{"line":40,"column":3}},"loc":{"start":{"line":29,"column":22},"end":{"line":40,"column":3}},"line":29},"2":{"name":"handleChange","decl":{"start":{"line":42,"column":23},"end":{"line":47,"column":4}},"loc":{"start":{"line":42,"column":23},"end":{"line":47,"column":4}},"line":42},"3":{"name":"handleSignIn","decl":{"start":{"line":49,"column":23},"end":{"line":79,"column":4}},"loc":{"start":{"line":49,"column":23},"end":{"line":79,"column":4}},"line":49},"4":{"name":"handleSubmit","decl":{"start":{"line":81,"column":23},"end":{"line":86,"column":4}},"loc":{"start":{"line":81,"column":23},"end":{"line":86,"column":4}},"line":81},"5":{"name":"onChange","decl":{"start":{"line":97,"column":20},"end":{"line":97,"column":65}},"loc":{"start":{"line":97,"column":20},"end":{"line":97,"column":65}},"line":97},"6":{"name":"onChange","decl":{"start":{"line":110,"column":20},"end":{"line":110,"column":68}},"loc":{"start":{"line":110,"column":20},"end":{"line":110,"column":68}},"line":110},"7":{"name":"onClick","decl":{"start":{"line":137,"column":19},"end":{"line":137,"column":48}},"loc":{"start":{"line":137,"column":19},"end":{"line":137,"column":48}},"line":137}},"f":{"0":11,"1":2,"2":4,"3":2,"4":2,"5":2,"6":2,"7":0}}
,"/Users/yassine/Code/train-web-app/src/app/access/components/forms/RegistrationForm.tsx": {"path":"/Users/yassine/Code/train-web-app/src/app/access/components/forms/RegistrationForm.tsx","all":false,"statementMap":{"0":{"start":{"line":1,"column":0},"end":{"line":1,"column":40}},"1":{"start":{"line":2,"column":0},"end":{"line":2,"column":49}},"2":{"start":{"line":3,"column":0},"end":{"line":3,"column":60}},"3":{"start":{"line":4,"column":0},"end":{"line":4,"column":54}},"4":{"start":{"line":5,"column":0},"end":{"line":5,"column":58}},"5":{"start":{"line":6,"column":0},"end":{"line":6,"column":50}},"6":{"start":{"line":7,"column":0},"end":{"line":7,"column":66}},"7":{"start":{"line":8,"column":0},"end":{"line":8,"column":57}},"8":{"start":{"line":9,"column":0},"end":{"line":9,"column":65}},"10":{"start":{"line":11,"column":0},"end":{"line":11,"column":75}},"11":{"start":{"line":12,"column":0},"end":{"line":12,"column":35}},"23":{"start":{"line":24,"column":0},"end":{"line":24,"column":42}},"24":{"start":{"line":25,"column":0},"end":{"line":25,"column":33}},"26":{"start":{"line":27,"column":0},"end":{"line":27,"column":81}},"27":{"start":{"line":28,"column":0},"end":{"line":28,"column":15}},"28":{"start":{"line":29,"column":0},"end":{"line":29,"column":16}},"29":{"start":{"line":30,"column":0},"end":{"line":30,"column":22}},"30":{"start":{"line":31,"column":0},"end":{"line":31,"column":19}},"31":{"start":{"line":32,"column":0},"end":{"line":32,"column":26}},"32":{"start":{"line":33,"column":0},"end":{"line":33,"column":26}},"33":{"start":{"line":34,"column":0},"end":{"line":34,"column":7}},"35":{"start":{"line":36,"column":0},"end":{"line":36,"column":52}},"36":{"start":{"line":37,"column":0},"end":{"line":37,"column":58}},"37":{"start":{"line":38,"column":0},"end":{"line":38,"column":74}},"39":{"start":{"line":40,"column":0},"end":{"line":40,"column":85}},"40":{"start":{"line":41,"column":0},"end":{"line":41,"column":34}},"41":{"start":{"line":42,"column":0},"end":{"line":42,"column":14}},"42":{"start":{"line":43,"column":0},"end":{"line":43,"column":20}},"43":{"start":{"line":44,"column":0},"end":{"line":44,"column":8}},"44":{"start":{"line":45,"column":0},"end":{"line":45,"column":4}},"46":{"start":{"line":47,"column":0},"end":{"line":47,"column":34}},"47":{"start":{"line":48,"column":0},"end":{"line":48,"column":73}},"48":{"start":{"line":49,"column":0},"end":{"line":49,"column":68}},"49":{"start":{"line":50,"column":0},"end":{"line":50,"column":19}},"50":{"start":{"line":51,"column":0},"end":{"line":51,"column":5}},"51":{"start":{"line":52,"column":0},"end":{"line":52,"column":47}},"52":{"start":{"line":53,"column":0},"end":{"line":53,"column":69}},"53":{"start":{"line":54,"column":0},"end":{"line":54,"column":19}},"54":{"start":{"line":55,"column":0},"end":{"line":55,"column":5}},"55":{"start":{"line":56,"column":0},"end":{"line":56,"column":27}},"56":{"start":{"line":57,"column":0},"end":{"line":57,"column":16}},"57":{"start":{"line":58,"column":0},"end":{"line":58,"column":4}},"59":{"start":{"line":60,"column":0},"end":{"line":60,"column":54}},"60":{"start":{"line":61,"column":0},"end":{"line":61,"column":23}},"61":{"start":{"line":62,"column":0},"end":{"line":62,"column":32}},"63":{"start":{"line":64,"column":0},"end":{"line":64,"column":30}},"64":{"start":{"line":65,"column":0},"end":{"line":65,"column":13}},"65":{"start":{"line":66,"column":0},"end":{"line":66,"column":5}},"67":{"start":{"line":68,"column":0},"end":{"line":68,"column":41}},"68":{"start":{"line":69,"column":0},"end":{"line":69,"column":54}},"69":{"start":{"line":70,"column":0},"end":{"line":70,"column":13}},"70":{"start":{"line":71,"column":0},"end":{"line":71,"column":5}},"72":{"start":{"line":73,"column":0},"end":{"line":73,"column":23}},"73":{"start":{"line":74,"column":0},"end":{"line":74,"column":19}},"75":{"start":{"line":76,"column":0},"end":{"line":76,"column":9}},"77":{"start":{"line":78,"column":0},"end":{"line":78,"column":40}},"78":{"start":{"line":79,"column":0},"end":{"line":79,"column":36}},"79":{"start":{"line":80,"column":0},"end":{"line":80,"column":38}},"80":{"start":{"line":81,"column":0},"end":{"line":81,"column":50}},"81":{"start":{"line":82,"column":0},"end":{"line":82,"column":44}},"82":{"start":{"line":83,"column":0},"end":{"line":83,"column":45}},"83":{"start":{"line":84,"column":0},"end":{"line":84,"column":51}},"84":{"start":{"line":85,"column":0},"end":{"line":85,"column":8}},"87":{"start":{"line":88,"column":0},"end":{"line":88,"column":63}},"88":{"start":{"line":89,"column":0},"end":{"line":89,"column":56}},"89":{"start":{"line":90,"column":0},"end":{"line":90,"column":20}},"90":{"start":{"line":91,"column":0},"end":{"line":91,"column":24}},"91":{"start":{"line":92,"column":0},"end":{"line":92,"column":38}},"92":{"start":{"line":93,"column":0},"end":{"line":93,"column":66}},"93":{"start":{"line":94,"column":0},"end":{"line":94,"column":50}},"96":{"start":{"line":97,"column":0},"end":{"line":97,"column":57}},"97":{"start":{"line":98,"column":0},"end":{"line":98,"column":56}},"98":{"start":{"line":99,"column":0},"end":{"line":99,"column":16}},"99":{"start":{"line":100,"column":0},"end":{"line":100,"column":82}},"100":{"start":{"line":101,"column":0},"end":{"line":101,"column":9}},"101":{"start":{"line":102,"column":0},"end":{"line":102,"column":14}},"102":{"start":{"line":103,"column":0},"end":{"line":103,"column":54}},"103":{"start":{"line":104,"column":0},"end":{"line":104,"column":7}},"104":{"start":{"line":105,"column":0},"end":{"line":105,"column":15}},"105":{"start":{"line":106,"column":0},"end":{"line":106,"column":26}},"106":{"start":{"line":107,"column":0},"end":{"line":107,"column":5}},"107":{"start":{"line":108,"column":0},"end":{"line":108,"column":4}},"109":{"start":{"line":110,"column":0},"end":{"line":110,"column":46}},"110":{"start":{"line":111,"column":0},"end":{"line":111,"column":9}},"111":{"start":{"line":112,"column":0},"end":{"line":112,"column":25}},"112":{"start":{"line":113,"column":0},"end":{"line":113,"column":21}},"114":{"start":{"line":115,"column":0},"end":{"line":115,"column":60}},"115":{"start":{"line":116,"column":0},"end":{"line":116,"column":67}},"116":{"start":{"line":117,"column":0},"end":{"line":117,"column":20}},"117":{"start":{"line":118,"column":0},"end":{"line":118,"column":24}},"118":{"start":{"line":119,"column":0},"end":{"line":119,"column":50}},"119":{"start":{"line":120,"column":0},"end":{"line":120,"column":82}},"120":{"start":{"line":121,"column":0},"end":{"line":121,"column":15}},"121":{"start":{"line":122,"column":0},"end":{"line":122,"column":26}},"122":{"start":{"line":123,"column":0},"end":{"line":123,"column":5}},"123":{"start":{"line":124,"column":0},"end":{"line":124,"column":4}},"125":{"start":{"line":126,"column":0},"end":{"line":126,"column":10}},"126":{"start":{"line":127,"column":0},"end":{"line":127,"column":6}},"127":{"start":{"line":128,"column":0},"end":{"line":128,"column":50}},"128":{"start":{"line":129,"column":0},"end":{"line":129,"column":18}},"129":{"start":{"line":130,"column":0},"end":{"line":130,"column":19}},"130":{"start":{"line":131,"column":0},"end":{"line":131,"column":29}},"131":{"start":{"line":132,"column":0},"end":{"line":132,"column":21}},"132":{"start":{"line":133,"column":0},"end":{"line":133,"column":27}},"133":{"start":{"line":134,"column":0},"end":{"line":134,"column":39}},"134":{"start":{"line":135,"column":0},"end":{"line":135,"column":64}},"135":{"start":{"line":136,"column":0},"end":{"line":136,"column":32}},"136":{"start":{"line":137,"column":0},"end":{"line":137,"column":18}},"137":{"start":{"line":138,"column":0},"end":{"line":138,"column":30}},"138":{"start":{"line":139,"column":0},"end":{"line":139,"column":29}},"139":{"start":{"line":140,"column":0},"end":{"line":140,"column":10}},"141":{"start":{"line":142,"column":0},"end":{"line":142,"column":18}},"142":{"start":{"line":143,"column":0},"end":{"line":143,"column":20}},"143":{"start":{"line":144,"column":0},"end":{"line":144,"column":30}},"144":{"start":{"line":145,"column":0},"end":{"line":145,"column":22}},"145":{"start":{"line":146,"column":0},"end":{"line":146,"column":23}},"146":{"start":{"line":147,"column":0},"end":{"line":147,"column":40}},"147":{"start":{"line":148,"column":0},"end":{"line":148,"column":65}},"148":{"start":{"line":149,"column":0},"end":{"line":149,"column":38}},"149":{"start":{"line":150,"column":0},"end":{"line":150,"column":18}},"150":{"start":{"line":151,"column":0},"end":{"line":151,"column":30}},"151":{"start":{"line":152,"column":0},"end":{"line":152,"column":30}},"152":{"start":{"line":153,"column":0},"end":{"line":153,"column":10}},"154":{"start":{"line":155,"column":0},"end":{"line":155,"column":18}},"155":{"start":{"line":156,"column":0},"end":{"line":156,"column":26}},"156":{"start":{"line":157,"column":0},"end":{"line":157,"column":30}},"157":{"start":{"line":158,"column":0},"end":{"line":158,"column":21}},"158":{"start":{"line":159,"column":0},"end":{"line":159,"column":30}},"159":{"start":{"line":160,"column":0},"end":{"line":160,"column":46}},"160":{"start":{"line":161,"column":0},"end":{"line":161,"column":71}},"161":{"start":{"line":162,"column":0},"end":{"line":162,"column":38}},"162":{"start":{"line":163,"column":0},"end":{"line":163,"column":18}},"163":{"start":{"line":164,"column":0},"end":{"line":164,"column":30}},"164":{"start":{"line":165,"column":0},"end":{"line":165,"column":28}},"165":{"start":{"line":166,"column":0},"end":{"line":166,"column":10}},"167":{"start":{"line":168,"column":0},"end":{"line":168,"column":18}},"168":{"start":{"line":169,"column":0},"end":{"line":169,"column":23}},"169":{"start":{"line":170,"column":0},"end":{"line":170,"column":33}},"170":{"start":{"line":171,"column":0},"end":{"line":171,"column":25}},"171":{"start":{"line":172,"column":0},"end":{"line":172,"column":26}},"172":{"start":{"line":173,"column":0},"end":{"line":173,"column":43}},"173":{"start":{"line":174,"column":0},"end":{"line":174,"column":68}},"174":{"start":{"line":175,"column":0},"end":{"line":175,"column":32}},"175":{"start":{"line":176,"column":0},"end":{"line":176,"column":18}},"176":{"start":{"line":177,"column":0},"end":{"line":177,"column":30}},"177":{"start":{"line":178,"column":0},"end":{"line":178,"column":37}},"178":{"start":{"line":179,"column":0},"end":{"line":179,"column":44}},"179":{"start":{"line":180,"column":0},"end":{"line":180,"column":10}},"181":{"start":{"line":182,"column":0},"end":{"line":182,"column":18}},"182":{"start":{"line":183,"column":0},"end":{"line":183,"column":30}},"183":{"start":{"line":184,"column":0},"end":{"line":184,"column":41}},"184":{"start":{"line":185,"column":0},"end":{"line":185,"column":25}},"185":{"start":{"line":186,"column":0},"end":{"line":186,"column":34}},"186":{"start":{"line":187,"column":0},"end":{"line":187,"column":50}},"187":{"start":{"line":188,"column":0},"end":{"line":188,"column":75}},"188":{"start":{"line":189,"column":0},"end":{"line":189,"column":32}},"189":{"start":{"line":190,"column":0},"end":{"line":190,"column":18}},"190":{"start":{"line":191,"column":0},"end":{"line":191,"column":30}},"191":{"start":{"line":192,"column":0},"end":{"line":192,"column":44}},"192":{"start":{"line":193,"column":0},"end":{"line":193,"column":37}},"193":{"start":{"line":194,"column":0},"end":{"line":194,"column":10}},"195":{"start":{"line":196,"column":0},"end":{"line":196,"column":38}},"196":{"start":{"line":197,"column":0},"end":{"line":197,"column":19}},"197":{"start":{"line":198,"column":0},"end":{"line":198,"column":29}},"198":{"start":{"line":199,"column":0},"end":{"line":199,"column":35}},"199":{"start":{"line":200,"column":0},"end":{"line":200,"column":19}},"200":{"start":{"line":201,"column":0},"end":{"line":201,"column":16}},"201":{"start":{"line":202,"column":0},"end":{"line":202,"column":129}},"202":{"start":{"line":203,"column":0},"end":{"line":203,"column":17}},"204":{"start":{"line":205,"column":0},"end":{"line":205,"column":51}},"205":{"start":{"line":206,"column":0},"end":{"line":206,"column":76}},"206":{"start":{"line":207,"column":0},"end":{"line":207,"column":32}},"207":{"start":{"line":208,"column":0},"end":{"line":208,"column":12}},"208":{"start":{"line":209,"column":0},"end":{"line":209,"column":14}},"210":{"start":{"line":211,"column":0},"end":{"line":211,"column":15}},"211":{"start":{"line":212,"column":0},"end":{"line":212,"column":23}},"212":{"start":{"line":213,"column":0},"end":{"line":213,"column":34}},"213":{"start":{"line":214,"column":0},"end":{"line":214,"column":30}},"214":{"start":{"line":215,"column":0},"end":{"line":215,"column":31}},"215":{"start":{"line":216,"column":0},"end":{"line":216,"column":34}},"216":{"start":{"line":217,"column":0},"end":{"line":217,"column":9}},"218":{"start":{"line":219,"column":0},"end":{"line":219,"column":17}},"219":{"start":{"line":220,"column":0},"end":{"line":220,"column":13}},"221":{"start":{"line":222,"column":0},"end":{"line":222,"column":36}},"222":{"start":{"line":223,"column":0},"end":{"line":223,"column":61}},"223":{"start":{"line":224,"column":0},"end":{"line":224,"column":21}},"224":{"start":{"line":225,"column":0},"end":{"line":225,"column":27}},"225":{"start":{"line":226,"column":0},"end":{"line":226,"column":32}},"226":{"start":{"line":227,"column":0},"end":{"line":227,"column":42}},"227":{"start":{"line":228,"column":0},"end":{"line":228,"column":30}},"228":{"start":{"line":229,"column":0},"end":{"line":229,"column":60}},"229":{"start":{"line":230,"column":0},"end":{"line":230,"column":9}},"231":{"start":{"line":232,"column":0},"end":{"line":232,"column":23}},"232":{"start":{"line":233,"column":0},"end":{"line":233,"column":12}},"233":{"start":{"line":234,"column":0},"end":{"line":234,"column":7}},"235":{"start":{"line":236,"column":0},"end":{"line":236,"column":2}},"237":{"start":{"line":238,"column":0},"end":{"line":238,"column":32}}},"s":{"0":1,"1":1,"2":1,"3":1,"4":1,"5":1,"6":1,"7":1,"8":1,"10":1,"11":1,"23":1,"24":42,"26":42,"27":42,"28":42,"29":42,"30":42,"31":42,"32":42,"33":42,"35":42,"36":42,"37":42,"39":42,"40":29,"41":29,"42":29,"43":29,"44":29,"46":42,"47":5,"48":1,"49":1,"50":1,"51":5,"52":1,"53":1,"54":1,"55":3,"56":3,"57":5,"59":42,"60":5,"61":5,"63":5,"64":2,"65":2,"67":5,"68":1,"69":1,"70":1,"72":2,"73":2,"75":2,"77":2,"78":2,"79":2,"80":2,"81":2,"82":2,"83":2,"84":2,"87":2,"88":0,"89":0,"90":5,"91":2,"92":2,"93":2,"96":2,"97":1,"98":1,"99":1,"100":1,"101":2,"102":0,"103":0,"104":2,"105":2,"106":2,"107":5,"109":42,"110":0,"111":0,"112":0,"114":0,"115":0,"116":0,"117":0,"118":0,"119":0,"120":0,"121":0,"122":0,"123":0,"125":42,"126":42,"127":42,"128":42,"129":42,"130":42,"131":42,"132":42,"133":42,"134":42,"135":42,"136":42,"137":42,"138":42,"139":42,"141":42,"142":42,"143":42,"144":42,"145":42,"146":42,"147":42,"148":42,"149":42,"150":42,"151":42,"152":42,"154":42,"155":42,"156":42,"157":42,"158":42,"159":42,"160":42,"161":42,"162":42,"163":42,"164":42,"165":42,"167":42,"168":42,"169":42,"170":42,"171":42,"172":42,"173":42,"174":42,"175":42,"176":42,"177":42,"178":42,"179":42,"181":42,"182":42,"183":42,"184":42,"185":42,"186":42,"187":42,"188":42,"189":42,"190":42,"191":42,"192":42,"193":42,"195":42,"196":42,"197":42,"198":42,"199":42,"200":42,"201":42,"202":42,"204":42,"205":42,"206":42,"207":42,"208":42,"210":42,"211":42,"212":42,"213":42,"214":42,"215":42,"216":42,"218":42,"219":42,"221":42,"222":42,"223":42,"224":42,"225":42,"226":42,"227":42,"228":42,"229":42,"231":42,"232":42,"233":42,"235":42,"237":1},"branchMap":{"0":{"type":"branch","line":24,"loc":{"start":{"line":24,"column":35},"end":{"line":236,"column":2}},"locations":[{"start":{"line":24,"column":35},"end":{"line":236,"column":2}}]},"1":{"type":"branch","line":179,"loc":{"start":{"line":179,"column":17},"end":{"line":179,"column":44}},"locations":[{"start":{"line":179,"column":17},"end":{"line":179,"column":44}}]},"2":{"type":"branch","line":192,"loc":{"start":{"line":192,"column":17},"end":{"line":192,"column":44}},"locations":[{"start":{"line":192,"column":17},"end":{"line":192,"column":44}}]},"3":{"type":"branch","line":229,"loc":{"start":{"line":229,"column":21},"end":{"line":229,"column":60}},"locations":[{"start":{"line":229,"column":21},"end":{"line":229,"column":60}}]},"4":{"type":"branch","line":229,"loc":{"start":{"line":229,"column":34},"end":{"line":229,"column":50}},"locations":[{"start":{"line":229,"column":34},"end":{"line":229,"column":50}}]},"5":{"type":"branch","line":40,"loc":{"start":{"line":40,"column":23},"end":{"line":45,"column":4}},"locations":[{"start":{"line":40,"column":23},"end":{"line":45,"column":4}}]},"6":{"type":"branch","line":41,"loc":{"start":{"line":41,"column":24},"end":{"line":44,"column":6}},"locations":[{"start":{"line":41,"column":24},"end":{"line":44,"column":6}}]},"7":{"type":"branch","line":47,"loc":{"start":{"line":47,"column":27},"end":{"line":58,"column":4}},"locations":[{"start":{"line":47,"column":27},"end":{"line":58,"column":4}}]},"8":{"type":"branch","line":48,"loc":{"start":{"line":48,"column":72},"end":{"line":51,"column":5}},"locations":[{"start":{"line":48,"column":72},"end":{"line":51,"column":5}}]},"9":{"type":"branch","line":51,"loc":{"start":{"line":51,"column":4},"end":{"line":52,"column":46}},"locations":[{"start":{"line":51,"column":4},"end":{"line":52,"column":46}}]},"10":{"type":"branch","line":52,"loc":{"start":{"line":52,"column":46},"end":{"line":55,"column":5}},"locations":[{"start":{"line":52,"column":46},"end":{"line":55,"column":5}}]},"11":{"type":"branch","line":55,"loc":{"start":{"line":55,"column":4},"end":{"line":57,"column":16}},"locations":[{"start":{"line":55,"column":4},"end":{"line":57,"column":16}}]},"12":{"type":"branch","line":60,"loc":{"start":{"line":60,"column":23},"end":{"line":108,"column":4}},"locations":[{"start":{"line":60,"column":23},"end":{"line":108,"column":4}}]},"13":{"type":"branch","line":64,"loc":{"start":{"line":64,"column":29},"end":{"line":66,"column":5}},"locations":[{"start":{"line":64,"column":29},"end":{"line":66,"column":5}}]},"14":{"type":"branch","line":66,"loc":{"start":{"line":66,"column":4},"end":{"line":68,"column":40}},"locations":[{"start":{"line":66,"column":4},"end":{"line":68,"column":40}}]},"15":{"type":"branch","line":68,"loc":{"start":{"line":68,"column":40},"end":{"line":71,"column":5}},"locations":[{"start":{"line":68,"column":40},"end":{"line":71,"column":5}}]},"16":{"type":"branch","line":71,"loc":{"start":{"line":71,"column":4},"end":{"line":88,"column":63}},"locations":[{"start":{"line":71,"column":4},"end":{"line":88,"column":63}}]},"17":{"type":"branch","line":88,"loc":{"start":{"line":88,"column":61},"end":{"line":91,"column":13}},"locations":[{"start":{"line":88,"column":61},"end":{"line":91,"column":13}}]},"18":{"type":"branch","line":91,"loc":{"start":{"line":91,"column":4},"end":{"line":107,"column":5}},"locations":[{"start":{"line":91,"column":4},"end":{"line":107,"column":5}}]},"19":{"type":"branch","line":97,"loc":{"start":{"line":97,"column":56},"end":{"line":101,"column":9}},"locations":[{"start":{"line":97,"column":56},"end":{"line":101,"column":9}}]},"20":{"type":"branch","line":100,"loc":{"start":{"line":100,"column":34},"end":{"line":100,"column":80}},"locations":[{"start":{"line":100,"column":34},"end":{"line":100,"column":80}}]},"21":{"type":"branch","line":102,"loc":{"start":{"line":102,"column":6},"end":{"line":104,"column":7}},"locations":[{"start":{"line":102,"column":6},"end":{"line":104,"column":7}}]},"22":{"type":"branch","line":135,"loc":{"start":{"line":135,"column":20},"end":{"line":135,"column":64}},"locations":[{"start":{"line":135,"column":20},"end":{"line":135,"column":64}}]},"23":{"type":"branch","line":148,"loc":{"start":{"line":148,"column":20},"end":{"line":148,"column":65}},"locations":[{"start":{"line":148,"column":20},"end":{"line":148,"column":65}}]},"24":{"type":"branch","line":161,"loc":{"start":{"line":161,"column":20},"end":{"line":161,"column":71}},"locations":[{"start":{"line":161,"column":20},"end":{"line":161,"column":71}}]},"25":{"type":"branch","line":174,"loc":{"start":{"line":174,"column":20},"end":{"line":174,"column":68}},"locations":[{"start":{"line":174,"column":20},"end":{"line":174,"column":68}}]},"26":{"type":"branch","line":188,"loc":{"start":{"line":188,"column":20},"end":{"line":188,"column":75}},"locations":[{"start":{"line":188,"column":20},"end":{"line":188,"column":75}}]},"27":{"type":"branch","line":206,"loc":{"start":{"line":206,"column":22},"end":{"line":206,"column":76}},"locations":[{"start":{"line":206,"column":22},"end":{"line":206,"column":76}}]}},"b":{"0":[42],"1":[40],"2":[40],"3":[2],"4":[0],"5":[29],"6":[29],"7":[5],"8":[1],"9":[4],"10":[1],"11":[3],"12":[5],"13":[2],"14":[3],"15":[1],"16":[2],"17":[0],"18":[2],"19":[1],"20":[0],"21":[0],"22":[5],"23":[5],"24":[5],"25":[5],"26":[5],"27":[4]},"fnMap":{"0":{"name":"RegistrationForm","decl":{"start":{"line":24,"column":35},"end":{"line":236,"column":2}},"loc":{"start":{"line":24,"column":35},"end":{"line":236,"column":2}},"line":24},"1":{"name":"handleChange","decl":{"start":{"line":40,"column":23},"end":{"line":45,"column":4}},"loc":{"start":{"line":40,"column":23},"end":{"line":45,"column":4}},"line":40},"2":{"name":"validatePassword","decl":{"start":{"line":47,"column":27},"end":{"line":58,"column":4}},"loc":{"start":{"line":47,"column":27},"end":{"line":58,"column":4}},"line":47},"3":{"name":"handleSubmit","decl":{"start":{"line":60,"column":23},"end":{"line":108,"column":4}},"loc":{"start":{"line":60,"column":23},"end":{"line":108,"column":4}},"line":60},"4":{"name":"handleSignUpWithGoogle","decl":{"start":{"line":110,"column":33},"end":{"line":124,"column":4}},"loc":{"start":{"line":110,"column":33},"end":{"line":124,"column":4}},"line":110},"5":{"name":"onChange","decl":{"start":{"line":135,"column":20},"end":{"line":135,"column":64}},"loc":{"start":{"line":135,"column":20},"end":{"line":135,"column":64}},"line":135},"6":{"name":"onChange","decl":{"start":{"line":148,"column":20},"end":{"line":148,"column":65}},"loc":{"start":{"line":148,"column":20},"end":{"line":148,"column":65}},"line":148},"7":{"name":"onChange","decl":{"start":{"line":161,"column":20},"end":{"line":161,"column":71}},"loc":{"start":{"line":161,"column":20},"end":{"line":161,"column":71}},"line":161},"8":{"name":"onChange","decl":{"start":{"line":174,"column":20},"end":{"line":174,"column":68}},"loc":{"start":{"line":174,"column":20},"end":{"line":174,"column":68}},"line":174},"9":{"name":"onChange","decl":{"start":{"line":188,"column":20},"end":{"line":188,"column":75}},"loc":{"start":{"line":188,"column":20},"end":{"line":188,"column":75}},"line":188},"10":{"name":"onChange","decl":{"start":{"line":206,"column":22},"end":{"line":206,"column":76}},"loc":{"start":{"line":206,"column":22},"end":{"line":206,"column":76}},"line":206}},"f":{"0":42,"1":29,"2":5,"3":5,"4":0,"5":5,"6":5,"7":5,"8":5,"9":5,"10":4}}
,"/Users/yassine/Code/train-web-app/src/app/access/components/forms/ResetPasswordForm.tsx": {"path":"/Users/yassine/Code/train-web-app/src/app/access/components/forms/ResetPasswordForm.tsx","all":false,"statementMap":{"0":{"start":{"line":1,"column":0},"end":{"line":1,"column":51}},"1":{"start":{"line":2,"column":0},"end":{"line":2,"column":56}},"2":{"start":{"line":3,"column":0},"end":{"line":3,"column":60}},"3":{"start":{"line":4,"column":0},"end":{"line":4,"column":54}},"4":{"start":{"line":5,"column":0},"end":{"line":5,"column":50}},"5":{"start":{"line":6,"column":0},"end":{"line":6,"column":57}},"7":{"start":{"line":8,"column":0},"end":{"line":8,"column":43}},"8":{"start":{"line":9,"column":0},"end":{"line":9,"column":33}},"9":{"start":{"line":10,"column":0},"end":{"line":10,"column":33}},"10":{"start":{"line":11,"column":0},"end":{"line":11,"column":41}},"11":{"start":{"line":12,"column":0},"end":{"line":12,"column":39}},"12":{"start":{"line":13,"column":0},"end":{"line":13,"column":47}},"13":{"start":{"line":14,"column":0},"end":{"line":14,"column":61}},"14":{"start":{"line":15,"column":0},"end":{"line":15,"column":52}},"15":{"start":{"line":16,"column":0},"end":{"line":16,"column":58}},"16":{"start":{"line":17,"column":0},"end":{"line":17,"column":48}},"17":{"start":{"line":18,"column":0},"end":{"line":18,"column":74}},"19":{"start":{"line":20,"column":0},"end":{"line":20,"column":19}},"21":{"start":{"line":22,"column":0},"end":{"line":22,"column":61}},"22":{"start":{"line":23,"column":0},"end":{"line":23,"column":48}},"23":{"start":{"line":24,"column":0},"end":{"line":24,"column":21}},"24":{"start":{"line":25,"column":0},"end":{"line":25,"column":27}},"25":{"start":{"line":26,"column":0},"end":{"line":26,"column":5}},"26":{"start":{"line":27,"column":0},"end":{"line":27,"column":17}},"28":{"start":{"line":29,"column":0},"end":{"line":29,"column":34}},"29":{"start":{"line":30,"column":0},"end":{"line":30,"column":39}},"30":{"start":{"line":31,"column":0},"end":{"line":31,"column":49}},"31":{"start":{"line":32,"column":0},"end":{"line":32,"column":19}},"32":{"start":{"line":33,"column":0},"end":{"line":33,"column":5}},"33":{"start":{"line":34,"column":0},"end":{"line":34,"column":30}},"34":{"start":{"line":35,"column":0},"end":{"line":35,"column":70}},"35":{"start":{"line":36,"column":0},"end":{"line":36,"column":19}},"36":{"start":{"line":37,"column":0},"end":{"line":37,"column":5}},"37":{"start":{"line":38,"column":0},"end":{"line":38,"column":27}},"38":{"start":{"line":39,"column":0},"end":{"line":39,"column":16}},"39":{"start":{"line":40,"column":0},"end":{"line":40,"column":4}},"41":{"start":{"line":42,"column":0},"end":{"line":42,"column":54}},"42":{"start":{"line":43,"column":0},"end":{"line":43,"column":23}},"44":{"start":{"line":45,"column":0},"end":{"line":45,"column":30}},"45":{"start":{"line":46,"column":0},"end":{"line":46,"column":13}},"46":{"start":{"line":47,"column":0},"end":{"line":47,"column":5}},"48":{"start":{"line":49,"column":0},"end":{"line":49,"column":23}},"49":{"start":{"line":50,"column":0},"end":{"line":50,"column":19}},"51":{"start":{"line":52,"column":0},"end":{"line":52,"column":9}},"53":{"start":{"line":54,"column":0},"end":{"line":54,"column":47}},"54":{"start":{"line":55,"column":0},"end":{"line":55,"column":14}},"55":{"start":{"line":56,"column":0},"end":{"line":56,"column":24}},"56":{"start":{"line":57,"column":0},"end":{"line":57,"column":29}},"57":{"start":{"line":58,"column":0},"end":{"line":58,"column":9}},"58":{"start":{"line":59,"column":0},"end":{"line":59,"column":47}},"59":{"start":{"line":60,"column":0},"end":{"line":60,"column":23}},"61":{"start":{"line":62,"column":0},"end":{"line":62,"column":24}},"62":{"start":{"line":63,"column":0},"end":{"line":63,"column":27}},"63":{"start":{"line":64,"column":0},"end":{"line":64,"column":15}},"64":{"start":{"line":65,"column":0},"end":{"line":65,"column":19}},"65":{"start":{"line":66,"column":0},"end":{"line":66,"column":50}},"66":{"start":{"line":67,"column":0},"end":{"line":67,"column":82}},"67":{"start":{"line":68,"column":0},"end":{"line":68,"column":15}},"68":{"start":{"line":69,"column":0},"end":{"line":69,"column":26}},"69":{"start":{"line":70,"column":0},"end":{"line":70,"column":5}},"70":{"start":{"line":71,"column":0},"end":{"line":71,"column":4}},"72":{"start":{"line":73,"column":0},"end":{"line":73,"column":16}},"73":{"start":{"line":74,"column":0},"end":{"line":74,"column":12}},"74":{"start":{"line":75,"column":0},"end":{"line":75,"column":39}},"75":{"start":{"line":76,"column":0},"end":{"line":76,"column":57}},"76":{"start":{"line":77,"column":0},"end":{"line":77,"column":43}},"77":{"start":{"line":78,"column":0},"end":{"line":78,"column":12}},"79":{"start":{"line":80,"column":0},"end":{"line":80,"column":3}},"81":{"start":{"line":82,"column":0},"end":{"line":82,"column":10}},"82":{"start":{"line":83,"column":0},"end":{"line":83,"column":48}},"83":{"start":{"line":84,"column":0},"end":{"line":84,"column":16}},"84":{"start":{"line":85,"column":0},"end":{"line":85,"column":18}},"85":{"start":{"line":86,"column":0},"end":{"line":86,"column":28}},"86":{"start":{"line":87,"column":0},"end":{"line":87,"column":20}},"87":{"start":{"line":88,"column":0},"end":{"line":88,"column":21}},"88":{"start":{"line":89,"column":0},"end":{"line":89,"column":21}},"89":{"start":{"line":90,"column":0},"end":{"line":90,"column":50}},"90":{"start":{"line":91,"column":0},"end":{"line":91,"column":36}},"91":{"start":{"line":92,"column":0},"end":{"line":92,"column":16}},"92":{"start":{"line":93,"column":0},"end":{"line":93,"column":28}},"93":{"start":{"line":94,"column":0},"end":{"line":94,"column":28}},"94":{"start":{"line":95,"column":0},"end":{"line":95,"column":8}},"96":{"start":{"line":97,"column":0},"end":{"line":97,"column":16}},"97":{"start":{"line":98,"column":0},"end":{"line":98,"column":17}},"98":{"start":{"line":99,"column":0},"end":{"line":99,"column":27}},"99":{"start":{"line":100,"column":0},"end":{"line":100,"column":19}},"100":{"start":{"line":101,"column":0},"end":{"line":101,"column":33}},"101":{"start":{"line":102,"column":0},"end":{"line":102,"column":20}},"102":{"start":{"line":103,"column":0},"end":{"line":103,"column":49}},"103":{"start":{"line":104,"column":0},"end":{"line":104,"column":52}},"104":{"start":{"line":105,"column":0},"end":{"line":105,"column":16}},"105":{"start":{"line":106,"column":0},"end":{"line":106,"column":28}},"106":{"start":{"line":107,"column":0},"end":{"line":107,"column":8}},"108":{"start":{"line":109,"column":0},"end":{"line":109,"column":16}},"109":{"start":{"line":110,"column":0},"end":{"line":110,"column":21}},"110":{"start":{"line":111,"column":0},"end":{"line":111,"column":31}},"111":{"start":{"line":112,"column":0},"end":{"line":112,"column":23}},"112":{"start":{"line":113,"column":0},"end":{"line":113,"column":28}},"113":{"start":{"line":114,"column":0},"end":{"line":114,"column":24}},"114":{"start":{"line":115,"column":0},"end":{"line":115,"column":53}},"115":{"start":{"line":116,"column":0},"end":{"line":116,"column":30}},"116":{"start":{"line":117,"column":0},"end":{"line":117,"column":16}},"117":{"start":{"line":118,"column":0},"end":{"line":118,"column":28}},"118":{"start":{"line":119,"column":0},"end":{"line":119,"column":35}},"119":{"start":{"line":120,"column":0},"end":{"line":120,"column":8}},"121":{"start":{"line":122,"column":0},"end":{"line":122,"column":16}},"122":{"start":{"line":123,"column":0},"end":{"line":123,"column":28}},"123":{"start":{"line":124,"column":0},"end":{"line":124,"column":39}},"124":{"start":{"line":125,"column":0},"end":{"line":125,"column":23}},"125":{"start":{"line":126,"column":0},"end":{"line":126,"column":36}},"126":{"start":{"line":127,"column":0},"end":{"line":127,"column":31}},"127":{"start":{"line":128,"column":0},"end":{"line":128,"column":60}},"128":{"start":{"line":129,"column":0},"end":{"line":129,"column":30}},"129":{"start":{"line":130,"column":0},"end":{"line":130,"column":16}},"130":{"start":{"line":131,"column":0},"end":{"line":131,"column":28}},"131":{"start":{"line":132,"column":0},"end":{"line":132,"column":42}},"132":{"start":{"line":133,"column":0},"end":{"line":133,"column":35}},"133":{"start":{"line":134,"column":0},"end":{"line":134,"column":8}},"135":{"start":{"line":136,"column":0},"end":{"line":136,"column":13}},"136":{"start":{"line":137,"column":0},"end":{"line":137,"column":21}},"137":{"start":{"line":138,"column":0},"end":{"line":138,"column":29}},"138":{"start":{"line":139,"column":0},"end":{"line":139,"column":28}},"139":{"start":{"line":140,"column":0},"end":{"line":140,"column":29}},"140":{"start":{"line":141,"column":0},"end":{"line":141,"column":32}},"141":{"start":{"line":142,"column":0},"end":{"line":142,"column":7}},"143":{"start":{"line":144,"column":0},"end":{"line":144,"column":15}},"144":{"start":{"line":145,"column":0},"end":{"line":145,"column":11}},"146":{"start":{"line":147,"column":0},"end":{"line":147,"column":2}},"148":{"start":{"line":149,"column":0},"end":{"line":149,"column":33}}},"s":{"0":1,"1":1,"2":1,"3":1,"4":1,"5":1,"7":1,"8":1,"9":1,"10":1,"11":1,"12":1,"13":1,"14":1,"15":1,"16":1,"17":1,"19":1,"21":1,"22":1,"23":1,"24":0,"25":0,"26":1,"28":1,"29":0,"30":0,"31":0,"32":0,"33":0,"34":0,"35":0,"36":0,"37":0,"38":0,"39":0,"41":1,"42":0,"44":0,"45":0,"46":0,"48":0,"49":0,"51":0,"53":0,"54":0,"55":0,"56":0,"57":0,"58":0,"59":0,"61":0,"62":0,"63":0,"64":0,"65":0,"66":0,"67":0,"68":0,"69":0,"70":0,"72":1,"73":0,"74":0,"75":0,"76":0,"77":0,"79":0,"81":1,"82":1,"83":1,"84":1,"85":1,"86":1,"87":1,"88":1,"89":1,"90":1,"91":1,"92":1,"93":1,"94":1,"96":1,"97":1,"98":1,"99":1,"100":1,"101":1,"102":1,"103":1,"104":1,"105":1,"106":1,"108":1,"109":1,"110":1,"111":1,"112":1,"113":1,"114":1,"115":1,"116":1,"117":1,"118":1,"119":1,"121":1,"122":1,"123":1,"124":1,"125":1,"126":1,"127":1,"128":1,"129":1,"130":1,"131":1,"132":1,"133":1,"135":1,"136":1,"137":1,"138":1,"139":1,"140":1,"141":1,"143":1,"144":1,"146":1,"148":1},"branchMap":{"0":{"type":"branch","line":8,"loc":{"start":{"line":8,"column":36},"end":{"line":147,"column":2}},"locations":[{"start":{"line":8,"column":36},"end":{"line":147,"column":2}}]},"1":{"type":"branch","line":73,"loc":{"start":{"line":73,"column":15},"end":{"line":80,"column":3}},"locations":[{"start":{"line":73,"column":15},"end":{"line":80,"column":3}}]},"2":{"type":"branch","line":20,"loc":{"start":{"line":20,"column":12},"end":{"line":27,"column":5}},"locations":[{"start":{"line":20,"column":12},"end":{"line":27,"column":5}}]},"3":{"type":"branch","line":24,"loc":{"start":{"line":24,"column":20},"end":{"line":26,"column":5}},"locations":[{"start":{"line":24,"column":20},"end":{"line":26,"column":5}}]}},"b":{"0":[1],"1":[0],"2":[1],"3":[0]},"fnMap":{"0":{"name":"ResetPasswordForm","decl":{"start":{"line":8,"column":36},"end":{"line":147,"column":2}},"loc":{"start":{"line":8,"column":36},"end":{"line":147,"column":2}},"line":8},"1":{"name":"validatePassword","decl":{"start":{"line":29,"column":27},"end":{"line":40,"column":4}},"loc":{"start":{"line":29,"column":27},"end":{"line":40,"column":4}},"line":29},"2":{"name":"handleSubmit","decl":{"start":{"line":42,"column":23},"end":{"line":71,"column":4}},"loc":{"start":{"line":42,"column":23},"end":{"line":71,"column":4}},"line":42},"3":{"name":"onChange","decl":{"start":{"line":90,"column":18},"end":{"line":90,"column":50}},"loc":{"start":{"line":90,"column":18},"end":{"line":90,"column":50}},"line":90},"4":{"name":"onChange","decl":{"start":{"line":103,"column":18},"end":{"line":103,"column":49}},"loc":{"start":{"line":103,"column":18},"end":{"line":103,"column":49}},"line":103},"5":{"name":"onChange","decl":{"start":{"line":115,"column":18},"end":{"line":115,"column":53}},"loc":{"start":{"line":115,"column":18},"end":{"line":115,"column":53}},"line":115},"6":{"name":"onChange","decl":{"start":{"line":128,"column":18},"end":{"line":128,"column":60}},"loc":{"start":{"line":128,"column":18},"end":{"line":128,"column":60}},"line":128}},"f":{"0":1,"1":0,"2":0,"3":0,"4":0,"5":0,"6":0}}
,"/Users/yassine/Code/train-web-app/src/app/access/components/ui/AuthCard.tsx": {"path":"/Users/yassine/Code/train-web-app/src/app/access/components/ui/AuthCard.tsx","all":false,"statementMap":{"0":{"start":{"line":1,"column":0},"end":{"line":1,"column":51}},"1":{"start":{"line":2,"column":0},"end":{"line":2,"column":47}},"2":{"start":{"line":3,"column":0},"end":{"line":3,"column":58}},"3":{"start":{"line":4,"column":0},"end":{"line":4,"column":24}},"12":{"start":{"line":13,"column":0},"end":{"line":13,"column":16}},"13":{"start":{"line":14,"column":0},"end":{"line":14,"column":3}},"14":{"start":{"line":15,"column":0},"end":{"line":15,"column":107}},"15":{"start":{"line":16,"column":0},"end":{"line":16,"column":34}},"16":{"start":{"line":17,"column":0},"end":{"line":17,"column":82}},"17":{"start":{"line":18,"column":0},"end":{"line":18,"column":28}},"18":{"start":{"line":19,"column":0},"end":{"line":19,"column":4}},"19":{"start":{"line":20,"column":0},"end":{"line":20,"column":3}},"20":{"start":{"line":21,"column":0},"end":{"line":21,"column":107}},"21":{"start":{"line":22,"column":0},"end":{"line":22,"column":44}},"22":{"start":{"line":23,"column":0},"end":{"line":23,"column":91}},"23":{"start":{"line":24,"column":0},"end":{"line":24,"column":30}},"24":{"start":{"line":25,"column":0},"end":{"line":25,"column":4}},"25":{"start":{"line":26,"column":0},"end":{"line":26,"column":3}},"26":{"start":{"line":27,"column":0},"end":{"line":27,"column":107}},"27":{"start":{"line":28,"column":0},"end":{"line":28,"column":41}},"28":{"start":{"line":29,"column":0},"end":{"line":29,"column":83}},"29":{"start":{"line":30,"column":0},"end":{"line":30,"column":29}},"30":{"start":{"line":31,"column":0},"end":{"line":31,"column":4}},"31":{"start":{"line":32,"column":0},"end":{"line":32,"column":2}},"33":{"start":{"line":34,"column":0},"end":{"line":34,"column":44}},"34":{"start":{"line":35,"column":0},"end":{"line":35,"column":8}},"35":{"start":{"line":36,"column":0},"end":{"line":36,"column":11}},"36":{"start":{"line":37,"column":0},"end":{"line":37,"column":11}},"37":{"start":{"line":38,"column":0},"end":{"line":38,"column":9}},"38":{"start":{"line":39,"column":0},"end":{"line":39,"column":7}},"39":{"start":{"line":40,"column":0},"end":{"line":40,"column":54}},"40":{"start":{"line":41,"column":0},"end":{"line":41,"column":52}},"42":{"start":{"line":43,"column":0},"end":{"line":43,"column":19}},"43":{"start":{"line":44,"column":0},"end":{"line":44,"column":76}},"44":{"start":{"line":45,"column":0},"end":{"line":45,"column":41}},"45":{"start":{"line":46,"column":0},"end":{"line":46,"column":78}},"46":{"start":{"line":47,"column":0},"end":{"line":47,"column":59}},"47":{"start":{"line":48,"column":0},"end":{"line":48,"column":75}},"48":{"start":{"line":49,"column":0},"end":{"line":49,"column":9}},"50":{"start":{"line":51,"column":0},"end":{"line":51,"column":19}},"51":{"start":{"line":52,"column":0},"end":{"line":52,"column":37}},"52":{"start":{"line":53,"column":0},"end":{"line":53,"column":57}},"53":{"start":{"line":54,"column":0},"end":{"line":54,"column":13}},"54":{"start":{"line":55,"column":0},"end":{"line":55,"column":38}},"55":{"start":{"line":56,"column":0},"end":{"line":56,"column":9}},"57":{"start":{"line":58,"column":0},"end":{"line":58,"column":10}},"58":{"start":{"line":59,"column":0},"end":{"line":59,"column":33}},"59":{"start":{"line":60,"column":0},"end":{"line":60,"column":40}},"60":{"start":{"line":61,"column":0},"end":{"line":61,"column":43}},"61":{"start":{"line":62,"column":0},"end":{"line":62,"column":37}},"62":{"start":{"line":63,"column":0},"end":{"line":63,"column":16}},"63":{"start":{"line":64,"column":0},"end":{"line":64,"column":21}},"64":{"start":{"line":65,"column":0},"end":{"line":65,"column":81}},"65":{"start":{"line":66,"column":0},"end":{"line":66,"column":64}},"66":{"start":{"line":67,"column":0},"end":{"line":67,"column":14}},"67":{"start":{"line":68,"column":0},"end":{"line":68,"column":13}},"68":{"start":{"line":69,"column":0},"end":{"line":69,"column":14}},"70":{"start":{"line":71,"column":0},"end":{"line":71,"column":37}},"71":{"start":{"line":72,"column":0},"end":{"line":72,"column":37}},"72":{"start":{"line":73,"column":0},"end":{"line":73,"column":87}},"73":{"start":{"line":74,"column":0},"end":{"line":74,"column":65}},"74":{"start":{"line":75,"column":0},"end":{"line":75,"column":71}},"75":{"start":{"line":76,"column":0},"end":{"line":76,"column":59}},"76":{"start":{"line":77,"column":0},"end":{"line":77,"column":18}},"77":{"start":{"line":78,"column":0},"end":{"line":78,"column":13}},"78":{"start":{"line":79,"column":0},"end":{"line":79,"column":14}},"79":{"start":{"line":80,"column":0},"end":{"line":80,"column":41}},"80":{"start":{"line":81,"column":0},"end":{"line":81,"column":33}},"81":{"start":{"line":82,"column":0},"end":{"line":82,"column":19}},"82":{"start":{"line":83,"column":0},"end":{"line":83,"column":21}},"83":{"start":{"line":84,"column":0},"end":{"line":84,"column":79}},"84":{"start":{"line":85,"column":0},"end":{"line":85,"column":47}},"85":{"start":{"line":86,"column":0},"end":{"line":86,"column":49}},"86":{"start":{"line":87,"column":0},"end":{"line":87,"column":14}},"87":{"start":{"line":88,"column":0},"end":{"line":88,"column":13}},"88":{"start":{"line":89,"column":0},"end":{"line":89,"column":14}},"89":{"start":{"line":90,"column":0},"end":{"line":90,"column":12}},"91":{"start":{"line":92,"column":0},"end":{"line":92,"column":39}},"92":{"start":{"line":93,"column":0},"end":{"line":93,"column":40}},"93":{"start":{"line":94,"column":0},"end":{"line":94,"column":47}},"94":{"start":{"line":95,"column":0},"end":{"line":95,"column":88}},"95":{"start":{"line":96,"column":0},"end":{"line":96,"column":16}},"97":{"start":{"line":98,"column":0},"end":{"line":98,"column":39}},"98":{"start":{"line":99,"column":0},"end":{"line":99,"column":51}},"99":{"start":{"line":100,"column":0},"end":{"line":100,"column":69}},"100":{"start":{"line":101,"column":0},"end":{"line":101,"column":16}},"102":{"start":{"line":103,"column":0},"end":{"line":103,"column":40}},"103":{"start":{"line":104,"column":0},"end":{"line":104,"column":22}},"104":{"start":{"line":105,"column":0},"end":{"line":105,"column":16}},"106":{"start":{"line":107,"column":0},"end":{"line":107,"column":22}},"107":{"start":{"line":108,"column":0},"end":{"line":108,"column":41}},"108":{"start":{"line":109,"column":0},"end":{"line":109,"column":22}},"109":{"start":{"line":110,"column":0},"end":{"line":110,"column":18}},"111":{"start":{"line":112,"column":0},"end":{"line":112,"column":14}},"112":{"start":{"line":113,"column":0},"end":{"line":113,"column":12}},"113":{"start":{"line":114,"column":0},"end":{"line":114,"column":10}},"115":{"start":{"line":116,"column":0},"end":{"line":116,"column":2}},"117":{"start":{"line":118,"column":0},"end":{"line":118,"column":24}}},"s":{"0":1,"1":1,"2":1,"3":1,"12":1,"13":1,"14":1,"15":1,"16":1,"17":1,"18":1,"19":1,"20":1,"21":1,"22":1,"23":1,"24":1,"25":1,"26":1,"27":1,"28":1,"29":1,"30":1,"31":1,"33":1,"34":7,"35":7,"36":7,"37":7,"38":7,"39":7,"40":7,"42":7,"43":7,"44":7,"45":7,"46":7,"47":7,"48":7,"50":7,"51":7,"52":0,"53":7,"54":7,"55":7,"57":7,"58":7,"59":7,"60":7,"61":7,"62":21,"63":21,"64":21,"65":21,"66":21,"67":7,"68":7,"70":7,"71":7,"72":21,"73":21,"74":21,"75":21,"76":21,"77":7,"78":7,"79":7,"80":7,"81":21,"82":21,"83":21,"84":21,"85":21,"86":21,"87":7,"88":7,"89":7,"91":7,"92":7,"93":7,"94":7,"95":7,"97":7,"98":7,"99":7,"100":7,"102":7,"103":7,"104":7,"106":7,"107":1,"108":1,"109":1,"111":7,"112":7,"113":7,"115":7,"117":1},"branchMap":{"0":{"type":"branch","line":34,"loc":{"start":{"line":34,"column":42},"end":{"line":116,"column":2}},"locations":[{"start":{"line":34,"column":42},"end":{"line":116,"column":2}}]},"1":{"type":"branch","line":95,"loc":{"start":{"line":95,"column":22},"end":{"line":95,"column":47}},"locations":[{"start":{"line":95,"column":22},"end":{"line":95,"column":47}}]},"2":{"type":"branch","line":100,"loc":{"start":{"line":100,"column":13},"end":{"line":100,"column":69}},"locations":[{"start":{"line":100,"column":13},"end":{"line":100,"column":69}}]},"3":{"type":"branch","line":107,"loc":{"start":{"line":107,"column":11},"end":{"line":110,"column":18}},"locations":[{"start":{"line":107,"column":11},"end":{"line":110,"column":18}}]},"4":{"type":"branch","line":43,"loc":{"start":{"line":43,"column":12},"end":{"line":49,"column":5}},"locations":[{"start":{"line":43,"column":12},"end":{"line":49,"column":5}}]},"5":{"type":"branch","line":48,"loc":{"start":{"line":48,"column":11},"end":{"line":48,"column":75}},"locations":[{"start":{"line":48,"column":11},"end":{"line":48,"column":75}}]},"6":{"type":"branch","line":51,"loc":{"start":{"line":51,"column":12},"end":{"line":56,"column":5}},"locations":[{"start":{"line":51,"column":12},"end":{"line":56,"column":5}}]},"7":{"type":"branch","line":55,"loc":{"start":{"line":55,"column":11},"end":{"line":55,"column":38}},"locations":[{"start":{"line":55,"column":11},"end":{"line":55,"column":38}}]},"8":{"type":"branch","line":62,"loc":{"start":{"line":62,"column":22},"end":{"line":67,"column":14}},"locations":[{"start":{"line":62,"column":22},"end":{"line":67,"column":14}}]},"9":{"type":"branch","line":65,"loc":{"start":{"line":65,"column":51},"end":{"line":65,"column":76}},"locations":[{"start":{"line":65,"column":51},"end":{"line":65,"column":76}}]},"10":{"type":"branch","line":65,"loc":{"start":{"line":65,"column":65},"end":{"line":65,"column":78}},"locations":[{"start":{"line":65,"column":65},"end":{"line":65,"column":78}}]},"11":{"type":"branch","line":72,"loc":{"start":{"line":72,"column":22},"end":{"line":77,"column":18}},"locations":[{"start":{"line":72,"column":22},"end":{"line":77,"column":18}}]},"12":{"type":"branch","line":73,"loc":{"start":{"line":73,"column":56},"end":{"line":73,"column":81}},"locations":[{"start":{"line":73,"column":56},"end":{"line":73,"column":81}}]},"13":{"type":"branch","line":73,"loc":{"start":{"line":73,"column":70},"end":{"line":73,"column":83}},"locations":[{"start":{"line":73,"column":70},"end":{"line":73,"column":83}}]},"14":{"type":"branch","line":81,"loc":{"start":{"line":81,"column":22},"end":{"line":87,"column":14}},"locations":[{"start":{"line":81,"column":22},"end":{"line":87,"column":14}}]},"15":{"type":"branch","line":84,"loc":{"start":{"line":84,"column":49},"end":{"line":84,"column":74}},"locations":[{"start":{"line":84,"column":49},"end":{"line":84,"column":74}}]},"16":{"type":"branch","line":84,"loc":{"start":{"line":84,"column":63},"end":{"line":84,"column":76}},"locations":[{"start":{"line":84,"column":63},"end":{"line":84,"column":76}}]}},"b":{"0":[7],"1":[0],"2":[1],"3":[1],"4":[7],"5":[7],"6":[7],"7":[7],"8":[21],"9":[7],"10":[14],"11":[21],"12":[7],"13":[14],"14":[21],"15":[7],"16":[14]},"fnMap":{"0":{"name":"AuthCard","decl":{"start":{"line":34,"column":42},"end":{"line":116,"column":2}},"loc":{"start":{"line":34,"column":42},"end":{"line":116,"column":2}},"line":34},"1":{"name":"handleChange","decl":{"start":{"line":46,"column":25},"end":{"line":46,"column":78}},"loc":{"start":{"line":46,"column":25},"end":{"line":46,"column":78}},"line":46},"2":{"name":"onClick","decl":{"start":{"line":85,"column":23},"end":{"line":85,"column":47}},"loc":{"start":{"line":85,"column":23},"end":{"line":85,"column":47}},"line":85}},"f":{"0":7,"1":0,"2":0}}
,"/Users/yassine/Code/train-web-app/src/app/access/services/authService.ts": {"path":"/Users/yassine/Code/train-web-app/src/app/access/services/authService.ts","all":false,"statementMap":{"0":{"start":{"line":1,"column":0},"end":{"line":1,"column":9}},"5":{"start":{"line":6,"column":0},"end":{"line":6,"column":52}},"6":{"start":{"line":7,"column":0},"end":{"line":7,"column":48}},"15":{"start":{"line":16,"column":0},"end":{"line":16,"column":64}},"16":{"start":{"line":17,"column":0},"end":{"line":17,"column":35}},"18":{"start":{"line":19,"column":0},"end":{"line":19,"column":85}},"20":{"start":{"line":21,"column":0},"end":{"line":21,"column":30}},"21":{"start":{"line":22,"column":0},"end":{"line":22,"column":69}},"22":{"start":{"line":23,"column":0},"end":{"line":23,"column":11}},"23":{"start":{"line":24,"column":0},"end":{"line":24,"column":95}},"24":{"start":{"line":25,"column":0},"end":{"line":25,"column":152}},"25":{"start":{"line":26,"column":0},"end":{"line":26,"column":29}},"26":{"start":{"line":27,"column":0},"end":{"line":27,"column":23}},"27":{"start":{"line":28,"column":0},"end":{"line":28,"column":42}},"28":{"start":{"line":29,"column":0},"end":{"line":29,"column":58}},"29":{"start":{"line":30,"column":0},"end":{"line":30,"column":22}},"30":{"start":{"line":31,"column":0},"end":{"line":31,"column":9}},"31":{"start":{"line":32,"column":0},"end":{"line":32,"column":56}},"32":{"start":{"line":33,"column":0},"end":{"line":33,"column":20}},"33":{"start":{"line":34,"column":0},"end":{"line":34,"column":7}},"34":{"start":{"line":35,"column":0},"end":{"line":35,"column":6}},"36":{"start":{"line":37,"column":0},"end":{"line":37,"column":76}},"37":{"start":{"line":38,"column":0},"end":{"line":38,"column":11}},"38":{"start":{"line":39,"column":0},"end":{"line":39,"column":97}},"39":{"start":{"line":40,"column":0},"end":{"line":40,"column":152}},"40":{"start":{"line":41,"column":0},"end":{"line":41,"column":29}},"41":{"start":{"line":42,"column":0},"end":{"line":42,"column":23}},"42":{"start":{"line":43,"column":0},"end":{"line":43,"column":55}},"43":{"start":{"line":44,"column":0},"end":{"line":44,"column":20}},"44":{"start":{"line":45,"column":0},"end":{"line":45,"column":7}},"45":{"start":{"line":46,"column":0},"end":{"line":46,"column":6}},"47":{"start":{"line":48,"column":0},"end":{"line":48,"column":85}},"48":{"start":{"line":49,"column":0},"end":{"line":49,"column":11}},"49":{"start":{"line":50,"column":0},"end":{"line":50,"column":74}},"50":{"start":{"line":51,"column":0},"end":{"line":51,"column":23}},"51":{"start":{"line":52,"column":0},"end":{"line":52,"column":65}},"52":{"start":{"line":53,"column":0},"end":{"line":53,"column":20}},"53":{"start":{"line":54,"column":0},"end":{"line":54,"column":7}},"54":{"start":{"line":55,"column":0},"end":{"line":55,"column":6}},"56":{"start":{"line":57,"column":0},"end":{"line":57,"column":87}},"57":{"start":{"line":58,"column":0},"end":{"line":58,"column":11}},"58":{"start":{"line":59,"column":0},"end":{"line":59,"column":76}},"59":{"start":{"line":60,"column":0},"end":{"line":60,"column":23}},"60":{"start":{"line":61,"column":0},"end":{"line":61,"column":68}},"61":{"start":{"line":62,"column":0},"end":{"line":62,"column":20}},"62":{"start":{"line":63,"column":0},"end":{"line":63,"column":7}},"63":{"start":{"line":64,"column":0},"end":{"line":64,"column":6}},"66":{"start":{"line":67,"column":0},"end":{"line":67,"column":53}},"67":{"start":{"line":68,"column":0},"end":{"line":68,"column":11}},"68":{"start":{"line":69,"column":0},"end":{"line":69,"column":50}},"69":{"start":{"line":70,"column":0},"end":{"line":70,"column":38}},"70":{"start":{"line":71,"column":0},"end":{"line":71,"column":34}},"71":{"start":{"line":72,"column":0},"end":{"line":72,"column":11}},"72":{"start":{"line":73,"column":0},"end":{"line":73,"column":61}},"75":{"start":{"line":76,"column":0},"end":{"line":76,"column":55}},"78":{"start":{"line":79,"column":0},"end":{"line":79,"column":86}},"79":{"start":{"line":80,"column":0},"end":{"line":80,"column":40}},"80":{"start":{"line":81,"column":0},"end":{"line":81,"column":47}},"81":{"start":{"line":82,"column":0},"end":{"line":82,"column":28}},"82":{"start":{"line":83,"column":0},"end":{"line":83,"column":12}},"83":{"start":{"line":84,"column":0},"end":{"line":84,"column":20}},"84":{"start":{"line":85,"column":0},"end":{"line":85,"column":46}},"85":{"start":{"line":86,"column":0},"end":{"line":86,"column":11}},"86":{"start":{"line":87,"column":0},"end":{"line":87,"column":11}},"89":{"start":{"line":90,"column":0},"end":{"line":90,"column":152}},"91":{"start":{"line":92,"column":0},"end":{"line":92,"column":29}},"92":{"start":{"line":93,"column":0},"end":{"line":93,"column":23}},"93":{"start":{"line":94,"column":0},"end":{"line":94,"column":62}},"94":{"start":{"line":95,"column":0},"end":{"line":95,"column":20}},"95":{"start":{"line":96,"column":0},"end":{"line":96,"column":7}},"96":{"start":{"line":97,"column":0},"end":{"line":97,"column":6}},"99":{"start":{"line":100,"column":0},"end":{"line":100,"column":87}},"100":{"start":{"line":101,"column":0},"end":{"line":101,"column":11}},"101":{"start":{"line":102,"column":0},"end":{"line":102,"column":43}},"102":{"start":{"line":103,"column":0},"end":{"line":103,"column":25}},"103":{"start":{"line":104,"column":0},"end":{"line":104,"column":20}},"104":{"start":{"line":105,"column":0},"end":{"line":105,"column":47}},"105":{"start":{"line":106,"column":0},"end":{"line":106,"column":46}},"106":{"start":{"line":107,"column":0},"end":{"line":107,"column":12}},"107":{"start":{"line":108,"column":0},"end":{"line":108,"column":33}},"108":{"start":{"line":109,"column":0},"end":{"line":109,"column":17}},"109":{"start":{"line":110,"column":0},"end":{"line":110,"column":30}},"110":{"start":{"line":111,"column":0},"end":{"line":111,"column":13}},"111":{"start":{"line":112,"column":0},"end":{"line":112,"column":11}},"113":{"start":{"line":114,"column":0},"end":{"line":114,"column":27}},"114":{"start":{"line":115,"column":0},"end":{"line":115,"column":51}},"115":{"start":{"line":116,"column":0},"end":{"line":116,"column":9}},"117":{"start":{"line":118,"column":0}
[...]
7":0,"78":0,"79":0,"80":0,"87":0,"88":0,"89":0,"90":0,"91":0,"92":0,"93":0,"94":0,"99":0,"100":0,"101":0,"102":0,"103":0,"104":0,"105":0,"106":0,"111":0,"112":0,"113":0,"114":0,"115":0,"116":0,"119":0,"120":0,"121":0,"122":0,"127":0,"128":0,"129":0,"130":0,"131":0,"132":0,"136":0,"137":0,"138":0,"139":0,"144":0,"145":0,"146":0,"147":0,"148":0,"149":0,"152":0,"153":0,"154":0,"155":0,"162":0,"163":0,"164":0,"165":0,"166":0,"167":0,"168":0,"169":0,"170":0,"171":0,"172":0,"173":0,"174":0,"175":0,"180":0,"181":0,"182":0,"183":0,"184":0,"185":0,"186":0,"187":0,"192":0,"193":0,"194":0,"195":0,"196":0,"197":0,"200":0,"201":0,"202":0,"203":0,"208":0,"209":0,"210":0,"211":0,"212":0,"213":0,"217":0,"218":0,"219":0,"220":0,"225":0,"226":0,"227":0,"228":0,"229":0,"230":0,"233":0,"234":0,"235":0,"236":0,"243":0,"244":0,"245":0,"246":0,"247":0,"248":0,"249":0,"250":0,"251":0,"252":0,"253":0,"254":0,"255":0,"256":0,"257":0,"258":0,"263":0,"264":0,"270":0,"271":0,"272":0,"273":0,"274":0,"275":0,"276":0,"277":0,"278":0,"279":0,"280":0,"287":0,"288":0,"289":0,"290":0,"291":0,"292":0,"295":0,"296":0,"297":0,"298":0,"303":0,"304":0,"309":0,"310":0,"311":0,"312":0,"315":0,"316":0,"317":0,"318":0,"323":0,"324":0,"329":0,"330":0,"331":0,"332":0,"335":0,"336":0,"337":0,"338":0,"345":0,"346":0,"347":0,"348":0,"349":0,"350":0,"353":0,"354":0,"355":0,"356":0,"361":0,"362":0,"363":0,"364":0,"365":0,"366":0,"367":0,"368":0,"373":0,"374":0,"375":0,"376":0,"377":0,"378":0,"379":0,"380":0,"385":0,"386":0,"387":0,"388":0,"389":0,"390":0,"394":0,"395":0,"396":0,"397":0,"402":0,"403":0,"404":0,"405":0,"406":0,"407":0,"410":0,"411":0,"412":0,"413":0},"branchMap":{"0":{"type":"branch","line":1,"loc":{"start":{"line":1,"column":9334},"end":{"line":414,"column":1}},"locations":[{"start":{"line":1,"column":9334},"end":{"line":414,"column":1}}]}},"b":{"0":[0]},"fnMap":{"0":{"name":"(empty-report)","decl":{"start":{"line":1,"column":9334},"end":{"line":414,"column":1}},"loc":{"start":{"line":1,"column":9334},"end":{"line":414,"column":1}},"line":1}},"f":{"0":0}}
,"/Users/yassine/Code/train-web-app/src/services/queryService.ts": {"path":"/Users/yassine/Code/train-web-app/src/services/queryService.ts","all":true,"statementMap":{"0":{"start":{"line":1,"column":0},"end":{"line":1,"column":99}},"1":{"start":{"line":2,"column":0},"end":{"line":2,"column":30}},"2":{"start":{"line":3,"column":0},"end":{"line":3,"column":50}},"41":{"start":{"line":42,"column":0},"end":{"line":42,"column":61}},"42":{"start":{"line":43,"column":0},"end":{"line":43,"column":25}},"43":{"start":{"line":44,"column":0},"end":{"line":44,"column":23}},"44":{"start":{"line":45,"column":0},"end":{"line":45,"column":7}},"45":{"start":{"line":46,"column":0},"end":{"line":46,"column":32}},"47":{"start":{"line":48,"column":0},"end":{"line":48,"column":29}},"48":{"start":{"line":49,"column":0},"end":{"line":49,"column":17}},"49":{"start":{"line":50,"column":0},"end":{"line":50,"column":63}},"50":{"start":{"line":51,"column":0},"end":{"line":51,"column":33}},"51":{"start":{"line":52,"column":0},"end":{"line":52,"column":35}},"52":{"start":{"line":53,"column":0},"end":{"line":53,"column":11}},"53":{"start":{"line":54,"column":0},"end":{"line":54,"column":14}},"54":{"start":{"line":55,"column":0},"end":{"line":55,"column":18}},"55":{"start":{"line":56,"column":0},"end":{"line":56,"column":78}},"56":{"start":{"line":57,"column":0},"end":{"line":57,"column":33}},"57":{"start":{"line":58,"column":0},"end":{"line":58,"column":35}},"58":{"start":{"line":59,"column":0},"end":{"line":59,"column":11}},"59":{"start":{"line":60,"column":0},"end":{"line":60,"column":14}},"60":{"start":{"line":61,"column":0},"end":{"line":61,"column":17}},"61":{"start":{"line":62,"column":0},"end":{"line":62,"column":77}},"62":{"start":{"line":63,"column":0},"end":{"line":63,"column":33}},"63":{"start":{"line":64,"column":0},"end":{"line":64,"column":35}},"64":{"start":{"line":65,"column":0},"end":{"line":65,"column":11}},"65":{"start":{"line":66,"column":0},"end":{"line":66,"column":14}},"66":{"start":{"line":67,"column":0},"end":{"line":67,"column":19}},"67":{"start":{"line":68,"column":0},"end":{"line":68,"column":79}},"68":{"start":{"line":69,"column":0},"end":{"line":69,"column":33}},"69":{"start":{"line":70,"column":0},"end":{"line":70,"column":35}},"70":{"start":{"line":71,"column":0},"end":{"line":71,"column":11}},"71":{"start":{"line":72,"column":0},"end":{"line":72,"column":14}},"72":{"start":{"line":73,"column":0},"end":{"line":73,"column":20}},"73":{"start":{"line":74,"column":0},"end":{"line":74,"column":66}},"74":{"start":{"line":75,"column":0},"end":{"line":75,"column":33}},"75":{"start":{"line":76,"column":0},"end":{"line":76,"column":35}},"76":{"start":{"line":77,"column":0},"end":{"line":77,"column":29}},"77":{"start":{"line":78,"column":0},"end":{"line":78,"column":11}},"78":{"start":{"line":79,"column":0},"end":{"line":79,"column":14}},"79":{"start":{"line":80,"column":0},"end":{"line":80,"column":14}},"80":{"start":{"line":81,"column":0},"end":{"line":81,"column":65}},"81":{"start":{"line":82,"column":0},"end":{"line":82,"column":5}},"83":{"start":{"line":84,"column":0},"end":{"line":84,"column":25}},"84":{"start":{"line":85,"column":0},"end":{"line":85,"column":19}},"85":{"start":{"line":86,"column":0},"end":{"line":86,"column":56}},"86":{"start":{"line":87,"column":0},"end":{"line":87,"column":34}},"87":{"start":{"line":88,"column":0},"end":{"line":88,"column":77}},"88":{"start":{"line":89,"column":0},"end":{"line":89,"column":40}},"89":{"start":{"line":90,"column":0},"end":{"line":90,"column":46}},"90":{"start":{"line":91,"column":0},"end":{"line":91,"column":8}},"91":{"start":{"line":92,"column":0},"end":{"line":92,"column":21}},"92":{"start":{"line":93,"column":0},"end":{"line":93,"column":5}},"93":{"start":{"line":94,"column":0},"end":{"line":94,"column":16}},"94":{"start":{"line":95,"column":0},"end":{"line":95,"column":3}},"95":{"start":{"line":96,"column":0},"end":{"line":96,"column":1}},"105":{"start":{"line":106,"column":0},"end":{"line":106,"column":59}},"106":{"start":{"line":107,"column":0},"end":{"line":107,"column":26}},"107":{"start":{"line":108,"column":0},"end":{"line":108,"column":19}},"108":{"start":{"line":109,"column":0},"end":{"line":109,"column":31}},"109":{"start":{"line":110,"column":0},"end":{"line":110,"column":109}},"110":{"start":{"line":111,"column":0},"end":{"line":111,"column":3}},"111":{"start":{"line":112,"column":0},"end":{"line":112,"column":71}},"112":{"start":{"line":113,"column":0},"end":{"line":113,"column":18}},"113":{"start":{"line":114,"column":0},"end":{"line":114,"column":26}},"114":{"start":{"line":115,"column":0},"end":{"line":115,"column":33}},"115":{"start":{"line":116,"column":0},"end":{"line":116,"column":22}},"116":{"start":{"line":117,"column":0},"end":{"line":117,"column":17}},"117":{"start":{"line":118,"column":0},"end":{"line":118,"column":15}},"118":{"start":{"line":119,"column":0},"end":{"line":119,"column":9}},"119":{"start":{"line":120,"column":0},"end":{"line":120,"column":6}},"120":{"start":{"line":121,"column":0},"end":{"line":121,"column":15}},"121":{"start":{"line":122,"column":0},"end":{"line":122,"column":5}},"122":{"start":{"line":123,"column":0},"end":{"line":123,"column":1}},"131":{"start":{"line":132,"column":0},"end":{"line":132,"column":91}},"132":{"start":{"line":133,"column":0},"end":{"line":133,"column":46}},"133":{"start":{"line":134,"column":0},"end":{"line":134,"column":19}},"134":{"start":{"line":135,"column":0},"end":{"line":135,"column":90}},"135":{"start":{"line":136,"column":0},"end":{"line":136,"column":3}},"136":{"start":{"line":137,"column":0},"end":{"line":137,"column":62}},"137":{"start":{"line":138,"column":0},"end":{"line":138,"column":43}},"138":{"start":{"line":139,"column":0},"end":{"line":139,"column":33}},"139":{"start":{"line":140,"column":0},"end":{"line":140,"column":15}},"140":{"start":{"line":141,"column":0},"end":{"line":141,"column":17}},"141":{"start":{"line":142,"column":0},"end":{"line":142,"column":13}},"142":{"start":{"line":143,"column":0},"end":{"line":143,"column":9}},"143":{"start":{"line":144,"column":0},"end":{"line":144,"column":6}},"144":{"start":{"line":145,"column":0},"end":{"line":145,"column":15}},"145":{"start":{"line":146,"column":0},"end":{"line":146,"column":5}},"146":{"start":{"line":147,"column":0},"end":{"line":147,"column":1}},"156":{"start":{"line":157,"column":0},"end":{"line":157,"column":75}},"157":{"start":{"line":158,"column":0},"end":{"line":158,"column":26}},"158":{"start":{"line":159,"column":0},"end":{"line":159,"column":43}},"159":{"start":{"line":160,"column":0},"end":{"line":160,"column":18}},"160":{"start":{"line":161,"column":0},"end":{"line":161,"column":109}},"161":{"start":{"line":162,"column":0},"end":{"line":162,"column":3}},"162":{"start":{"line":163,"column":0},"end":{"line":163,"column":71}},"163":{"start":{"line":164,"column":0},"end":{"line":164,"column":31}},"164":{"start":{"line":165,"column":0},"end":{"line":165,"column":26}},"165":{"start":{"line":166,"column":0},"end":{"line":166,"column":33}},"166":{"start":{"line":167,"column":0},"end":{"line":167,"column":22}},"167":{"start":{"line":168,"column":0},"end":{"line":168,"column":38}},"168":{"start":{"line":169,"column":0},"end":{"line":169,"column":9}},"169":{"start":{"line":170,"column":0},"end":{"line":170,"column":6}},"170":{"start":{"line":171,"column":0},"end":{"line":171,"column":15}},"171":{"start":{"line":172,"column":0},"end":{"line":172,"column":5}},"172":{"start":{"line":173,"column":0},"end":{"line":173,"column":1}},"181":{"start":{"line":182,"column":0},"end":{"line":182,"column":107}},"182":{"start":{"line":183,"column":0},"end":{"line":183,"column":46}},"183":{"start":{"line":184,"column":0},"end":{"line":184,"column":43}},"184":{"start":{"line":185,"column":0},"end":{"line":185,"column":117}},"185":{"start":{"line":186,"column":0},"end":{"line":186,"column":3}},"186":{"start":{"line":187,"column":0},"end":{"line":187,"column":89}},"187":{"start":{"line":188,"column":0},"end":{"line":188,"column":82}},"188":{"start":{"line":189,"column":0},"end":{"line":189,"column":33}},"189":{"start":{"line":190,"column":0},"end":{"line":190,"column":15}},"190":{"start":{"line":191,"column":0},"end":{"line":191,"column":38}},"191":{"start":{"line":192,"column":0},"end":{"line":192,"column":13}},"192":{"start":{"line":193,"column":0},"end":{"line":193,"column":9}},"193":{"start":{"line":194,"column":0},"end":{"line":194,"column":6}},"194":{"start":{"line":195,"column":0},"end":{"line":195,"column":15}},"195":{"start":{"line":196,"column":0},"end":{"line":196,"column":5}},"196":{"start":{"line":197,"column":0},"end":{"line":197,"column":1}}},"s":{"0":0,"1":0,"2":0,"41":0,"42":0,"43":0,"44":0,"45":0,"47":0,"48":0,"49":0,"50":0,"51":0,"52":0,"53":0,"54":0,"55":0,"56":0,"57":0,"58":0,"59":0,"60":0,"61":0,"62":0,"63":0,"64":0,"65":0,"66":0,"67":0,"68":0,"69":0,"70":0,"71":0,"72":0,"73":0,"74":0,"75":0,"76":0,"77":0,"78":0,"79":0,"80":0,"81":0,"83":0,"84":0,"85":0,"86":0,"87":0,"88":0,"89":0,"90":0,"91":0,"92":0,"93":0,"94":0,"95":0,"105":0,"106":0,"107":0,"108":0,"109":0,"110":0,"111":0,"112":0,"113":0,"114":0,"115":0,"116":0,"117":0,"118":0,"119":0,"120":0,"121":0,"122":0,"131":0,"132":0,"133":0,"134":0,"135":0,"136":0,"137":0,"138":0,"139":0,"140":0,"141":0,"142":0,"143":0,"144":0,"145":0,"146":0,"156":0,"157":0,"158":0,"159":0,"160":0,"161":0,"162":0,"163":0,"164":0,"165":0,"166":0,"167":0,"168":0,"169":0,"170":0,"171":0,"172":0,"181":0,"182":0,"183":0,"184":0,"185":0,"186":0,"187":0,"188":0,"189":0,"190":0,"191":0,"192":0,"193":0,"194":0,"195":0,"196":0},"branchMap":{"0":{"type":"branch","line":1,"loc":{"start":{"line":1,"column":5767},"end":{"line":197,"column":1}},"locations":[{"start":{"line":1,"column":5767},"end":{"line":197,"column":1}}]}},"b":{"0":[0]},"fnMap":{"0":{"name":"(empty-report)","decl":{"start":{"line":1,"column":5767},"end":{"line":197,"column":1}},"loc":{"start":{"line":1,"column":5767},"end":{"line":197,"column":1}},"line":1}},"f":{"0":0}}
,"/Users/yassine/Code/train-web-app/src/services/tokenService.ts": {"path":"/Users/yassine/Code/train-web-app/src/services/tokenService.ts","all":false,"statementMap":{"0":{"start":{"line":1,"column":0},"end":{"line":1,"column":36}},"2":{"start":{"line":3,"column":0},"end":{"line":3,"column":29}},"3":{"start":{"line":4,"column":0},"end":{"line":4,"column":12}},"4":{"start":{"line":5,"column":0},"end":{"line":5,"column":24}},"5":{"start":{"line":6,"column":0},"end":{"line":6,"column":25}},"6":{"start":{"line":7,"column":0},"end":{"line":7,"column":19}},"7":{"start":{"line":8,"column":0},"end":{"line":8,"column":21}},"8":{"start":{"line":9,"column":0},"end":{"line":9,"column":16}},"9":{"start":{"line":10,"column":0},"end":{"line":10,"column":5}},"10":{"start":{"line":11,"column":0},"end":{"line":11,"column":53}},"11":{"start":{"line":12,"column":0},"end":{"line":12,"column":55}},"12":{"start":{"line":13,"column":0},"end":{"line":13,"column":25}},"13":{"start":{"line":14,"column":0},"end":{"line":14,"column":13}},"14":{"start":{"line":15,"column":0},"end":{"line":15,"column":22}},"15":{"start":{"line":16,"column":0},"end":{"line":16,"column":15}},"16":{"start":{"line":17,"column":0},"end":{"line":17,"column":17}},"17":{"start":{"line":18,"column":0},"end":{"line":18,"column":13}},"18":{"start":{"line":19,"column":0},"end":{"line":19,"column":8}},"19":{"start":{"line":20,"column":0},"end":{"line":20,"column":6}},"20":{"start":{"line":21,"column":0},"end":{"line":21,"column":4}},"22":{"start":{"line":23,"column":0},"end":{"line":23,"column":39}},"23":{"start":{"line":24,"column":0},"end":{"line":24,"column":53}},"24":{"start":{"line":25,"column":0},"end":{"line":25,"column":4}},"26":{"start":{"line":27,"column":0},"end":{"line":27,"column":41}},"27":{"start":{"line":28,"column":0},"end":{"line":28,"column":55}},"28":{"start":{"line":29,"column":0},"end":{"line":29,"column":4}},"30":{"start":{"line":31,"column":0},"end":{"line":31,"column":20}},"31":{"start":{"line":32,"column":0},"end":{"line":32,"column":47}},"32":{"start":{"line":33,"column":0},"end":{"line":33,"column":4}},"34":{"start":{"line":35,"column":0},"end":{"line":35,"column":21}},"35":{"start":{"line":36,"column":0},"end":{"line":36,"column":48}},"36":{"start":{"line":37,"column":0},"end":{"line":37,"column":4}},"38":{"start":{"line":39,"column":0},"end":{"line":39,"column":17}},"39":{"start":{"line":40,"column":0},"end":{"line":40,"column":54}},"40":{"start":{"line":41,"column":0},"end":{"line":41,"column":20}},"41":{"start":{"line":42,"column":0},"end":{"line":42,"column":37}},"42":{"start":{"line":43,"column":0},"end":{"line":43,"column":5}},"43":{"start":{"line":44,"column":0},"end":{"line":44,"column":20}},"44":{"start":{"line":45,"column":0},"end":{"line":45,"column":4}},"46":{"start":{"line":47,"column":0},"end":{"line":47,"column":13}},"47":{"start":{"line":48,"column":0},"end":{"line":48,"column":40}},"48":{"start":{"line":49,"column":0},"end":{"line":49,"column":4}},"50":{"start":{"line":51,"column":0},"end":{"line":51,"column":17}},"51":{"start":{"line":52,"column":0},"end":{"line":52,"column":43}},"52":{"start":{"line":53,"column":0},"end":{"line":53,"column":44}},"53":{"start":{"line":54,"column":0},"end":{"line":54,"column":40}},"54":{"start":{"line":55,"column":0},"end":{"line":55,"column":36}},"55":{"start":{"line":56,"column":0},"end":{"line":56,"column":4}},"57":{"start":{"line":58,"column":0},"end":{"line":58,"column":30}},"58":{"start":{"line":59,"column":0},"end":{"line":59,"column":30}},"59":{"start":{"line":60,"column":0},"end":{"line":60,"column":47}},"60":{"start":{"line":61,"column":0},"end":{"line":61,"column":20}},"61":{"start":{"line":62,"column":0},"end":{"line":62,"column":4}},"62":{"start":{"line":63,"column":0},"end":{"line":63,"column":2}}},"s":{"0":1,"2":1,"3":1,"4":1,"5":1,"6":1,"7":1,"8":1,"9":1,"10":1,"11":1,"12":1,"13":1,"14":1,"15":1,"16":1,"17":1,"18":1,"19":1,"20":1,"22":1,"23":0,"24":0,"26":1,"27":0,"28":0,"30":1,"31":6,"32":6,"34":1,"35":2,"36":2,"38":1,"39":6,"40":6,"41":3,"42":3,"43":3,"44":6,"46":1,"47":2,"48":2,"50":1,"51":1,"52":1,"53":1,"54":1,"55":1,"57":1,"58":4,"59":4,"60":4,"61":4,"62":1},"branchMap":{"0":{"type":"branch","line":4,"loc":{"start":{"line":4,"column":2},"end":{"line":21,"column":4}},"locations":[{"start":{"line":4,"column":2},"end":{"line":21,"column":4}}]},"1":{"type":"branch","line":31,"loc":{"start":{"line":31,"column":2},"end":{"line":33,"column":4}},"locations":[{"start":{"line":31,"column":2},"end":{"line":33,"column":4}}]},"2":{"type":"branch","line":35,"loc":{"start":{"line":35,"column":2},"end":{"line":37,"column":4}},"locations":[{"start":{"line":35,"column":2},"end":{"line":37,"column":4}}]},"3":{"type":"branch","line":39,"loc":{"start":{"line":39,"column":2},"end":{"line":45,"column":4}},"locations":[{"start":{"line":39,"column":2},"end":{"line":45,"column":4}}]},"4":{"type":"branch","line":41,"loc":{"start":{"line":41,"column":19},"end":{"line":44,"column":20}},"locations":[{"start":{"line":41,"column":19},"end":{"line":44,"column":20}}]},"5":{"type":"branch","line":47,"loc":{"start":{"line":47,"column":2},"end":{"line":49,"column":4}},"locations":[{"start":{"line":47,"column":2},"end":{"line":49,"column":4}}]},"6":{"type":"branch","line":51,"loc":{"start":{"line":51,"column":2},"end":{"line":56,"column":4}},"locations":[{"start":{"line":51,"column":2},"end":{"line":56,"column":4}}]},"7":{"type":"branch","line":58,"loc":{"start":{"line":58,"column":2},"end":{"line":62,"column":4}},"locations":[{"start":{"line":58,"column":2},"end":{"line":62,"column":4}}]}},"b":{"0":[1],"1":[6],"2":[2],"3":[6],"4":[3],"5":[2],"6":[1],"7":[4]},"fnMap":{"0":{"name":"setTokens","decl":{"start":{"line":4,"column":2},"end":{"line":21,"column":4}},"loc":{"start":{"line":4,"column":2},"end":{"line":21,"column":4}},"line":4},"1":{"name":"setAccessToken","decl":{"start":{"line":23,"column":2},"end":{"line":25,"column":4}},"loc":{"start":{"line":23,"column":2},"end":{"line":25,"column":4}},"line":23},"2":{"name":"setRefreshToken","decl":{"start":{"line":27,"column":2},"end":{"line":29,"column":4}},"loc":{"start":{"line":27,"column":2},"end":{"line":29,"column":4}},"line":27},"3":{"name":"getAccessToken","decl":{"start":{"line":31,"column":2},"end":{"line":33,"column":4}},"loc":{"start":{"line":31,"column":2},"end":{"line":33,"column":4}},"line":31},"4":{"name":"getRefreshToken","decl":{"start":{"line":35,"column":2},"end":{"line":37,"column":4}},"loc":{"start":{"line":35,"column":2},"end":{"line":37,"column":4}},"line":35},"5":{"name":"getDeviceId","decl":{"start":{"line":39,"column":2},"end":{"line":45,"column":4}},"loc":{"start":{"line":39,"column":2},"end":{"line":45,"column":4}},"line":39},"6":{"name":"getUser","decl":{"start":{"line":47,"column":2},"end":{"line":49,"column":4}},"loc":{"start":{"line":47,"column":2},"end":{"line":49,"column":4}},"line":47},"7":{"name":"clearTokens","decl":{"start":{"line":51,"column":2},"end":{"line":56,"column":4}},"loc":{"start":{"line":51,"column":2},"end":{"line":56,"column":4}},"line":51},"8":{"name":"generateDeviceId","decl":{"start":{"line":58,"column":2},"end":{"line":62,"column":4}},"loc":{"start":{"line":58,"column":2},"end":{"line":62,"column":4}},"line":58}},"f":{"0":1,"1":0,"2":0,"3":6,"4":2,"5":6,"6":2,"7":1,"8":4}}
,"/Users/yassine/Code/train-web-app/src/types/api.types.ts": {"path":"/Users/yassine/Code/train-web-app/src/types/api.types.ts","all":true,"statementMap":{},"s":{},"branchMap":{"0":{"type":"branch","line":1,"loc":{"start":{"line":1,"column":3844},"end":{"line":210,"column":1}},"locations":[{"start":{"line":1,"column":3844},"end":{"line":210,"column":1}}]}},"b":{"0":[1]},"fnMap":{"0":{"name":"(empty-report)","decl":{"start":{"line":1,"column":3844},"end":{"line":210,"column":1}},"loc":{"start":{"line":1,"column":3844},"end":{"line":210,"column":1}},"line":1}},"f":{"0":1}}
}
